[2020-03-27T19:18:53+0000] [PACMAN] Running 'pacman -r /var/lib/manjaro-arm-tools/pkg/aarch64 -Sy --cachedir=/var/lib/manjaro-arm-tools/pkg/aarch64/var/cache/pacman/pkg --noconfirm --config=/usr/share/manjaro-arm-tools/lib/pacman.conf.aarch64 pacman'
[2020-03-27T19:18:53+0000] [PACMAN] synchronizing package lists
[2020-03-27T19:29:34+0000] [ALPM] transaction started
[2020-03-27T19:29:35+0000] [ALPM] installed linux-api-headers (5.4.17-1)
[2020-03-27T19:29:35+0000] [ALPM] installed tzdata (2019c-3)
[2020-03-27T19:29:35+0000] [ALPM] installed iana-etc (20200311-1)
[2020-03-27T19:29:35+0000] [ALPM] installed filesystem (2019.04-1)
[2020-03-27T19:29:36+0000] [ALPM] installed glibc (2.30-3)
[2020-03-27T19:29:39+0000] [ALPM] installed gcc-libs (9.2.0-4)
[2020-03-27T19:29:39+0000] [ALPM] installed ncurses (6.2-1)
[2020-03-27T19:29:39+0000] [ALPM] installed readline (8.0.004-1)
[2020-03-27T19:29:39+0000] [ALPM] installed bash (5.0.016-1)
[2020-03-27T19:29:39+0000] [ALPM] installed attr (2.4.48-2)
[2020-03-27T19:29:39+0000] [ALPM] installed acl (2.2.53-2)
[2020-03-27T19:29:39+0000] [ALPM] installed bzip2 (1.0.8-3)
[2020-03-27T19:29:39+0000] [ALPM] installed expat (2.2.9-3)
[2020-03-27T19:29:39+0000] [ALPM] installed lz4 (1:1.9.2-2)
[2020-03-27T19:29:40+0000] [ALPM] installed gdbm (1.18.1-3)
[2020-03-27T19:29:40+0000] [ALPM] installed db (5.3.28-5)
[2020-03-27T19:29:41+0000] [ALPM] installed perl (5.30.1-1)
[2020-03-27T19:29:42+0000] [ALPM] installed openssl (1.1.1.e-1)
[2020-03-27T19:29:42+0000] [ALPM] installed xz (5.2.5-1)
[2020-03-27T19:29:42+0000] [ALPM] installed zlib (1:1.2.11-4)
[2020-03-27T19:29:42+0000] [ALPM] installed zstd (1.4.4-1)
[2020-03-27T19:29:42+0000] [ALPM] installed libarchive (3.4.2-1)
[2020-03-27T19:29:42+0000] [ALPM] installed gmp (6.2.0-1)
[2020-03-27T19:29:42+0000] [ALPM] installed libcap (2.33-1)
[2020-03-27T19:29:43+0000] [ALPM] installed coreutils (8.31-3)
[2020-03-27T19:29:43+0000] [ALPM] installed findutils (4.7.0-2)
[2020-03-27T19:29:43+0000] [ALPM] installed libtasn1 (4.16.0-1)
[2020-03-27T19:29:43+0000] [ALPM] installed libffi (3.2.1-4)
[2020-03-27T19:29:43+0000] [ALPM] installed libp11-kit (0.23.20-3)
[2020-03-27T19:29:43+0000] [ALPM] installed libgpg-error (1.37-1)
[2020-03-27T19:29:43+0000] [ALPM] installed libgcrypt (1.8.5-2)
[2020-03-27T19:29:43+0000] [ALPM] installed systemd-libs (245.2-2)
[2020-03-27T19:29:43+0000] [ALPM] installed device-mapper (2.02.186-5)
[2020-03-27T19:29:43+0000] [ALPM] installed popt (1.16-12)
[2020-03-27T19:29:43+0000] [ALPM] installed libutil-linux (2.35.1-1)
[2020-03-27T19:29:43+0000] [ALPM] installed json-c (0.13.1-3)
[2020-03-27T19:29:43+0000] [ALPM] installed argon2 (20190702-2)
[2020-03-27T19:29:43+0000] [ALPM] installed cryptsetup (2.3.1-1)
[2020-03-27T19:29:43+0000] [ALPM] installed e2fsprogs (1.45.6-1)
[2020-03-27T19:29:43+0000] [ALPM] installed libsasl (2.1.27-2)
[2020-03-27T19:29:43+0000] [ALPM] installed libldap (2.4.49-1)
[2020-03-27T19:29:43+0000] [ALPM] installed keyutils (1.6.1-3)
[2020-03-27T19:29:43+0000] [ALPM] installed krb5 (1.17.1-1)
[2020-03-27T19:29:43+0000] [ALPM] installed libcap-ng (0.7.10-1)
[2020-03-27T19:29:43+0000] [ALPM] installed audit (2.8.5-6)
[2020-03-27T19:29:43+0000] [ALPM] installed dbus (1.12.16-5)
[2020-03-27T19:29:43+0000] [ALPM] installed libmnl (1.0.4-3)
[2020-03-27T19:29:43+0000] [ALPM] installed libnftnl (1.1.5-1)
[2020-03-27T19:29:44+0000] [ALPM] installed libnl (3.5.0-2)
[2020-03-27T19:29:44+0000] [ALPM] installed libusb (1.0.23-2)
[2020-03-27T19:29:44+0000] [ALPM] installed libpcap (1.9.1-2)
[2020-03-27T19:29:44+0000] [ALPM] installed libnfnetlink (1.0.1-3)
[2020-03-27T19:29:44+0000] [ALPM] installed libnetfilter_conntrack (1.0.7-1)
[2020-03-27T19:29:44+0000] [ALPM] installed iptables (1:1.8.4-1)
[2020-03-27T19:29:44+0000] [ALPM] installed cracklib (2.9.7-2)
[2020-03-27T19:29:44+0000] [ALPM] installed libtirpc (1.2.5-1)
[2020-03-27T19:29:44+0000] [ALPM] installed pambase (20190105.1-2)
[2020-03-27T19:29:44+0000] [ALPM] installed pam (1.3.1-2)
[2020-03-27T19:29:44+0000] [ALPM] installed kbd (2.2.0-5)
[2020-03-27T19:29:44+0000] [ALPM] installed kmod (27-1)
[2020-03-27T19:29:44+0000] [ALPM] installed hwids (20200306-1)
[2020-03-27T19:29:44+0000] [ALPM] installed libunistring (0.9.10-2)
[2020-03-27T19:29:44+0000] [ALPM] installed libidn2 (2.3.0-1)
[2020-03-27T19:29:44+0000] [ALPM] installed libelf (0.178-2)
[2020-03-27T19:29:44+0000] [ALPM] installed libseccomp (2.4.2-1)
[2020-03-27T19:29:44+0000] [ALPM] installed shadow (4.8.1-1)
[2020-03-27T19:29:44+0000] [ALPM-SCRIPTLET] call to execv failed (No such file or directory)
[2020-03-27T19:29:45+0000] [ALPM] installed util-linux (2.35.1-1)
[2020-03-27T19:29:45+0000] [ALPM] installed pcre2 (10.34-3)
[2020-03-27T19:29:45+0000] [ALPM] installed systemd (245.2-2)
[2020-03-27T19:29:45+0000] [ALPM-SCRIPTLET] call to execv failed (No such file or directory)
[2020-03-27T19:29:45+0000] [ALPM] installed p11-kit (0.23.20-3)
[2020-03-27T19:29:45+0000] [ALPM-SCRIPTLET] call to execv failed (No such file or directory)
[2020-03-27T19:29:45+0000] [ALPM] installed ca-certificates-utils (20181109-3)
[2020-03-27T19:29:45+0000] [ALPM] installed ca-certificates-mozilla (3.51-1)
[2020-03-27T19:29:45+0000] [ALPM] installed ca-certificates (20181109-3)
[2020-03-27T19:29:45+0000] [ALPM] installed libssh2 (1.9.0-2)
[2020-03-27T19:29:45+0000] [ALPM] installed libpsl (0.21.0-2)
[2020-03-27T19:29:45+0000] [ALPM] installed libnghttp2 (1.39.2-2)
[2020-03-27T19:29:46+0000] [ALPM] installed curl (7.69.1-1)
[2020-03-27T19:29:46+0000] [ALPM] installed npth (1.6-2)
[2020-03-27T19:29:46+0000] [ALPM] installed libksba (1.3.5-2)
[2020-03-27T19:29:46+0000] [ALPM] installed libassuan (2.5.3-2)
[2020-03-27T19:29:46+0000] [ALPM] installed pcre (8.44-1)
[2020-03-27T19:29:46+0000] [ALPM] installed glib2 (2.64.1-1)
[2020-03-27T19:29:46+0000] [ALPM] installed libsecret (0.20.2-1)
[2020-03-27T19:29:46+0000] [ALPM] installed pinentry (1.1.0-5)
[2020-03-27T19:29:46+0000] [ALPM] installed nettle (3.5.1-2)
[2020-03-27T19:29:46+0000] [ALPM] installed gnutls (3.6.12-1)
[2020-03-27T19:29:47+0000] [ALPM] installed sqlite (3.31.1-1)
[2020-03-27T19:29:47+0000] [ALPM] installed gnupg (2.2.20-1)
[2020-03-27T19:29:47+0000] [ALPM-SCRIPTLET] call to execv failed (No such file or directory)
[2020-03-27T19:29:47+0000] [ALPM] installed gpgme (1.13.1-3)
[2020-03-27T19:29:47+0000] [ALPM] installed archlinux-keyring (20200108-1)
[2020-03-27T19:29:47+0000] [ALPM-SCRIPTLET] call to execv failed (No such file or directory)
[2020-03-27T19:29:47+0000] [ALPM] installed archlinuxarm-keyring (20140119-1)
[2020-03-27T19:29:47+0000] [ALPM-SCRIPTLET] call to execv failed (No such file or directory)
[2020-03-27T19:29:47+0000] [ALPM] installed manjaro-keyring (20190608-1)
[2020-03-27T19:29:47+0000] [ALPM-SCRIPTLET] call to execv failed (No such file or directory)
[2020-03-27T19:29:47+0000] [ALPM] installed manjaro-arm-keyring (20200210-1)
[2020-03-27T19:29:47+0000] [ALPM-SCRIPTLET] call to execv failed (No such file or directory)
[2020-03-27T19:29:47+0000] [ALPM] installed libnsl (1.2.0-2)
[2020-03-27T19:29:48+0000] [ALPM] installed python (3.8.2-1)
[2020-03-27T19:29:48+0000] [ALPM] installed pacman-mirrorlist (20200225-1)
[2020-03-27T19:29:48+0000] [ALPM-SCRIPTLET] call to execv failed (No such file or directory)
[2020-03-27T19:29:48+0000] [ALPM] installed pacman (5.2.1-2)
[2020-03-27T19:29:48+0000] [ALPM-SCRIPTLET] call to execv failed (No such file or directory)
[2020-03-27T19:29:48+0000] [ALPM-SCRIPTLET] call to execv failed (No such file or directory)
[2020-03-27T19:29:48+0000] [ALPM] transaction completed
[2020-03-27T19:29:48+0000] [ALPM] running '20-systemd-sysusers.hook'...
[2020-03-27T19:29:48+0000] [ALPM-SCRIPTLET] call to execv failed (No such file or directory)
[2020-03-27T19:29:48+0000] [ALPM] running '30-systemd-catalog.hook'...
[2020-03-27T19:29:48+0000] [ALPM-SCRIPTLET] call to execv failed (No such file or directory)
[2020-03-27T19:29:48+0000] [ALPM] running '30-systemd-daemon-reload.hook'...
[2020-03-27T19:29:48+0000] [ALPM-SCRIPTLET] call to execv failed (No such file or directory)
[2020-03-27T19:29:48+0000] [ALPM] running '30-systemd-hwdb.hook'...
[2020-03-27T19:29:48+0000] [ALPM-SCRIPTLET] call to execv failed (No such file or directory)
[2020-03-27T19:29:48+0000] [ALPM] running '30-systemd-sysctl.hook'...
[2020-03-27T19:29:48+0000] [ALPM-SCRIPTLET] call to execv failed (No such file or directory)
[2020-03-27T19:29:48+0000] [ALPM] running '30-systemd-tmpfiles.hook'...
[2020-03-27T19:29:48+0000] [ALPM-SCRIPTLET] call to execv failed (No such file or directory)
[2020-03-27T19:29:48+0000] [ALPM] running '30-systemd-udev-reload.hook'...
[2020-03-27T19:29:48+0000] [ALPM-SCRIPTLET] call to execv failed (No such file or directory)
[2020-03-27T19:29:48+0000] [ALPM] running '30-systemd-update.hook'...
[2020-03-27T19:29:48+0000] [ALPM-SCRIPTLET] call to execv failed (No such file or directory)
[2020-03-27T19:29:48+0000] [ALPM] running 'dbus-reload.hook'...
[2020-03-27T19:29:48+0000] [ALPM-SCRIPTLET] call to execv failed (No such file or directory)
[2020-03-27T19:29:48+0000] [ALPM] running 'detect-old-perl-modules.hook'...
[2020-03-27T19:29:48+0000] [ALPM-SCRIPTLET] call to execv failed (No such file or directory)
[2020-03-27T19:29:48+0000] [ALPM] running 'update-ca-trust.hook'...
[2020-03-27T19:29:48+0000] [ALPM-SCRIPTLET] call to execv failed (No such file or directory)
[2020-05-31T19:01:56+0000] [PACMAN] Running 'pacman -Syu --noconfirm'
[2020-05-31T19:01:56+0000] [PACMAN] synchronizing package lists
[2020-05-31T19:02:15+0000] [PACMAN] starting full system upgrade
[2020-05-31T19:08:18+0000] [ALPM] transaction started
[2020-05-31T19:08:19+0000] [ALPM] removed pacman-mirrorlist (20200225-1)
[2020-05-31T19:08:35+0000] [ALPM] upgraded linux-api-headers (5.4.17-1 -> 5.6.11-1)
[2020-05-31T19:09:40+0000] [ALPM] upgraded tzdata (2019c-3 -> 2020a-1)
[2020-05-31T19:09:40+0000] [ALPM] upgraded iana-etc (20200311-1 -> 20200511-1)
[2020-05-31T19:10:10+0000] [ALPM] upgraded glibc (2.30-3 -> 2.31-2)
[2020-05-31T19:10:10+0000] [ALPM-SCRIPTLET] Generating locales...
[2020-05-31T19:10:10+0000] [ALPM-SCRIPTLET] Generation complete.
[2020-05-31T19:10:13+0000] [ALPM] upgraded attr (2.4.48-2 -> 2.4.48-3)
[2020-05-31T19:10:15+0000] [ALPM] upgraded acl (2.2.53-2 -> 2.2.53-3)
[2020-05-31T19:10:15+0000] [ALPM] upgraded archlinux-keyring (20200108-1 -> 20200422-1)
[2020-05-31T19:10:16+0000] [ALPM-SCRIPTLET] ==> Appending keys from archlinux.gpg...
[2020-05-31T19:10:26+0000] [ALPM-SCRIPTLET] ==> Locally signing trusted keys in keyring...
[2020-05-31T19:10:26+0000] [ALPM-SCRIPTLET]   -> Locally signing key D8AFDDA07A5B6EDFA7D8CCDAD6D055F927843F1C...
[2020-05-31T19:10:26+0000] [ALPM-SCRIPTLET]   -> Locally signing key DDB867B92AA789C165EEFA799B729B06A680C281...
[2020-05-31T19:10:26+0000] [ALPM-SCRIPTLET]   -> Locally signing key 91FFE0700E80619CEB73235CA88E23E377514E00...
[2020-05-31T19:10:26+0000] [ALPM-SCRIPTLET]   -> Locally signing key 0E8B644079F599DFC1DDC3973348882F6AC6A4C2...
[2020-05-31T19:10:26+0000] [ALPM-SCRIPTLET]   -> Locally signing key AB19265E5D7D20687D303246BA1DFB64FFF979E7...
[2020-05-31T19:10:26+0000] [ALPM-SCRIPTLET] ==> Importing owner trust values...
[2020-05-31T19:10:26+0000] [ALPM-SCRIPTLET] ==> Disabling revoked keys in keyring...
[2020-05-31T19:10:26+0000] [ALPM-SCRIPTLET]   -> Disabling key 8F76BEEA0289F9E1D3E229C05F946DED983D4366...
[2020-05-31T19:10:26+0000] [ALPM-SCRIPTLET]   -> Disabling key 63F395DE2D6398BBE458F281F2DBB4931985A992...
[2020-05-31T19:10:27+0000] [ALPM-SCRIPTLET]   -> Disabling key 50F33E2E5B0C3D900424ABE89BDCF497A4BBCC7F...
[2020-05-31T19:10:27+0000] [ALPM-SCRIPTLET]   -> Disabling key 27FFC4769E19F096D41D9265A04F9397CDFD6BB0...
[2020-05-31T19:10:27+0000] [ALPM-SCRIPTLET]   -> Disabling key 39F880E50E49A4D11341E8F939E4F17F295AFBF4...
[2020-05-31T19:10:27+0000] [ALPM-SCRIPTLET]   -> Disabling key 8840BD07FC24CB7CE394A07CCF7037A4F27FB7DA...
[2020-05-31T19:10:27+0000] [ALPM-SCRIPTLET]   -> Disabling key 5559BC1A32B8F76B3FCCD9555FA5E5544F010D48...
[2020-05-31T19:10:27+0000] [ALPM-SCRIPTLET]   -> Disabling key 0B20CA1931F5DA3A70D0F8D2EA6836E1AB441196...
[2020-05-31T19:10:27+0000] [ALPM-SCRIPTLET]   -> Disabling key 07DFD3A0BC213FA12EDC217559B3122E2FA915EC...
[2020-05-31T19:10:27+0000] [ALPM-SCRIPTLET]   -> Disabling key 4FCF887689C41B09506BE8D5F3E1D5C5D30DB0AD...
[2020-05-31T19:10:28+0000] [ALPM-SCRIPTLET]   -> Disabling key 5A2257D19FF7E1E0E415968CE62F853100F0D0F0...
[2020-05-31T19:10:28+0000] [ALPM-SCRIPTLET]   -> Disabling key D921CABED130A5690EF1896E81AF739EC0711BF1...
[2020-05-31T19:10:28+0000] [ALPM-SCRIPTLET]   -> Disabling key 7FA647CD89891DEDC060287BB9113D1ED21E1A55...
[2020-05-31T19:10:28+0000] [ALPM-SCRIPTLET]   -> Disabling key BC1FBE4D2826A0B51E47ED62E2539214C6C11350...
[2020-05-31T19:10:28+0000] [ALPM-SCRIPTLET]   -> Disabling key 4A8B17E20B88ACA61860009B5CED81B7C2E5C0D2...
[2020-05-31T19:10:28+0000] [ALPM-SCRIPTLET]   -> Disabling key 5696C003B0854206450C8E5BE613C09CB4440678...
[2020-05-31T19:10:28+0000] [ALPM-SCRIPTLET]   -> Disabling key 684148BB25B49E986A4944C55184252D824B18E8...
[2020-05-31T19:10:29+0000] [ALPM-SCRIPTLET]   -> Disabling key 8CF934E339CAD8ABF342E822E711306E3C4F88BC...
[2020-05-31T19:10:29+0000] [ALPM-SCRIPTLET]   -> Disabling key F5A361A3A13554B85E57DDDAAF7EF7873CFD4BB6...
[2020-05-31T19:10:29+0000] [ALPM-SCRIPTLET]   -> Disabling key 5E7585ADFF106BFFBBA319DC654B877A0864983E...
[2020-05-31T19:10:29+0000] [ALPM-SCRIPTLET]   -> Disabling key 65EEFE022108E2B708CBFCF7F9E712E59AF5F22A...
[2020-05-31T19:10:29+0000] [ALPM-SCRIPTLET]   -> Disabling key 40440DC037C05620984379A6761FAD69BA06C6A9...
[2020-05-31T19:10:29+0000] [ALPM-SCRIPTLET]   -> Disabling key 34C5D94FE7E7913E86DC427E7FB1A3800C84C0A5...
[2020-05-31T19:10:29+0000] [ALPM-SCRIPTLET]   -> Disabling key 81D7F8241DB38BC759C80FCE3A726C6170E80477...
[2020-05-31T19:10:29+0000] [ALPM-SCRIPTLET]   -> Disabling key E7210A59715F6940CF9A4E36A001876699AD6E84...
[2020-05-31T19:10:30+0000] [ALPM-SCRIPTLET]   -> Disabling key 5357F3B111688D88C1D88119FCF2CB179205AC90...
[2020-05-31T19:10:30+0000] [ALPM-SCRIPTLET]   -> Disabling key 4D913AECD81726D9A6C74F0ADA6426DD215B37AD...
[2020-05-31T19:10:30+0000] [ALPM-SCRIPTLET]   -> Disabling key FB871F0131FEA4FB5A9192B4C8880A6406361833...
[2020-05-31T19:10:31+0000] [ALPM-SCRIPTLET]   -> Disabling key 66BD74A036D522F51DD70A3C7F2A16726521E06D...
[2020-05-31T19:10:31+0000] [ALPM-SCRIPTLET]   -> Disabling key B1F2C889CB2CCB2ADA36D963097D629E437520BD...
[2020-05-31T19:10:31+0000] [ALPM-SCRIPTLET]   -> Disabling key 9515D8A8EAB88E49BB65EDBCE6B456CAF15447D5...
[2020-05-31T19:10:31+0000] [ALPM-SCRIPTLET]   -> Disabling key 76B4192E902C0A52642C63C273B8ED52F1D357C1...
[2020-05-31T19:10:31+0000] [ALPM-SCRIPTLET]   -> Disabling key 40776A5221EF5AD468A4906D42A1DB15EC133BAD...
[2020-05-31T19:10:31+0000] [ALPM-SCRIPTLET]   -> Disabling key D4DE5ABDE2A7287644EAC7E36D1A9E70E19DAA50...
[2020-05-31T19:10:32+0000] [ALPM-SCRIPTLET]   -> Disabling key 44D4A033AC140143927397D47EFD567D4C7EA887...
[2020-05-31T19:10:32+0000] [ALPM-SCRIPTLET] ==> Updating trust database...
[2020-05-31T19:10:32+0000] [ALPM-SCRIPTLET] gpg: next trustdb check due at 2020-05-31
[2020-05-31T19:10:32+0000] [ALPM] upgraded argon2 (20190702-2 -> 20190702-3)
[2020-05-31T19:10:39+0000] [ALPM] upgraded gcc-libs (9.2.0-4 -> 9.3.0-1)
[2020-05-31T19:10:43+0000] [ALPM] upgraded bash (5.0.016-1 -> 5.0.017-1)
[2020-05-31T19:10:44+0000] [ALPM] upgraded libcap (2.33-1 -> 2.34-1)
[2020-05-31T19:11:45+0000] [ALPM] upgraded perl (5.30.1-1 -> 5.30.2-1)
[2020-05-31T19:13:07+0000] [ALPM] upgraded openssl (1.1.1.e-1 -> 1.1.1.g-2)
[2020-05-31T19:13:15+0000] [ALPM] upgraded coreutils (8.31-3 -> 8.32-1)
[2020-05-31T19:13:15+0000] [ALPM] upgraded systemd-libs (245.2-2 -> 245.5-2)
[2020-05-31T19:13:15+0000] [ALPM] upgraded libffi (3.2.1-4 -> 3.3-3)
[2020-05-31T19:13:18+0000] [ALPM] upgraded libp11-kit (0.23.20-3 -> 0.23.20-5)
[2020-05-31T19:13:19+0000] [ALPM] upgraded p11-kit (0.23.20-3 -> 0.23.20-5)
[2020-05-31T19:13:20+0000] [ALPM] upgraded ca-certificates-mozilla (3.51-1 -> 3.52.1-2)
[2020-05-31T19:13:20+0000] [ALPM] upgraded device-mapper (2.02.186-5 -> 2.02.187-2)
[2020-05-31T19:13:21+0000] [ALPM] upgraded libutil-linux (2.35.1-1 -> 2.35.2-1)
[2020-05-31T19:13:21+0000] [ALPM] upgraded json-c (0.13.1-3 -> 0.14-4)
[2020-05-31T19:13:22+0000] [ALPM] upgraded cryptsetup (2.3.1-1 -> 2.3.2-2)
[2020-05-31T19:13:26+0000] [ALPM] upgraded e2fsprogs (1.45.6-1 -> 1.45.6-2)
[2020-05-31T19:13:27+0000] [ALPM] upgraded keyutils (1.6.1-3 -> 1.6.1-4)
[2020-05-31T19:13:28+0000] [ALPM] upgraded libsasl (2.1.27-2 -> 2.1.27-3)
[2020-05-31T19:13:31+0000] [ALPM] upgraded krb5 (1.17.1-1 -> 1.18.1-1)
[2020-05-31T19:13:31+0000] [ALPM] upgraded libnghttp2 (1.39.2-2 -> 1.40.0-1)
[2020-05-31T19:13:41+0000] [ALPM] upgraded curl (7.69.1-1 -> 7.70.0-1)
[2020-05-31T19:13:53+0000] [ALPM] upgraded glib2 (2.64.1-1 -> 2.64.3-2)
[2020-05-31T19:13:55+0000] [ALPM] upgraded nettle (3.5.1-2 -> 3.6-1)
[2020-05-31T19:14:21+0000] [ALPM] upgraded gnutls (3.6.12-1 -> 3.6.13-2)
[2020-05-31T19:14:22+0000] [ALPM] upgraded sqlite (3.31.1-1 -> 3.32.1-1)
[2020-05-31T19:14:26+0000] [ALPM] upgraded libsecret (0.20.2-1 -> 0.20.3-1)
[2020-05-31T19:14:30+0000] [ALPM] upgraded gnupg (2.2.20-1 -> 2.2.20-2)
[2020-05-31T19:14:31+0000] [ALPM] upgraded gpgme (1.13.1-3 -> 1.13.1-7)
[2020-05-31T19:14:32+0000] [ALPM] upgraded zstd (1.4.4-1 -> 1.4.5-1)
[2020-05-31T19:14:33+0000] [ALPM] upgraded libarchive (3.4.2-1 -> 3.4.3-1)
[2020-05-31T19:14:34+0000] [ALPM] upgraded libelf (0.178-2 -> 0.179-1)
[2020-05-31T19:14:34+0000] [ALPM] upgraded libnfnetlink (1.0.1-3 -> 1.0.1-4)
[2020-05-31T19:14:34+0000] [ALPM] upgraded libnetfilter_conntrack (1.0.7-1 -> 1.0.8-1)
[2020-05-31T19:14:35+0000] [ALPM] upgraded libnftnl (1.1.5-1 -> 1.1.6-1)
[2020-05-31T19:14:36+0000] [ALPM] upgraded libtirpc (1.2.5-1 -> 1.2.6-1)
[2020-05-31T19:14:36+0000] [ALPM] upgraded manjaro-keyring (20190608-1 -> 20200421-1)
[2020-05-31T19:14:38+0000] [ALPM-SCRIPTLET] ==> Appending keys from manjaro.gpg...
[2020-05-31T19:14:40+0000] [ALPM-SCRIPTLET] ==> Locally signing trusted keys in keyring...
[2020-05-31T19:14:40+0000] [ALPM-SCRIPTLET]   -> Locally signing key B4663188A692DB1E45A98EE95BD96CC4247B52CC...
[2020-05-31T19:14:40+0000] [ALPM-SCRIPTLET]   -> Locally signing key 76C6E477042BFE985CC220BD9C08A255442FAFF0...
[2020-05-31T19:14:40+0000] [ALPM-SCRIPTLET]   -> Locally signing key 7C89F4D439B2BFACF425107B62443D89B35859F8...
[2020-05-31T19:14:40+0000] [ALPM-SCRIPTLET]   -> Locally signing key 1E7908935AAB9A00D6B47503363DFFFD59152F77...
[2020-05-31T19:14:41+0000] [ALPM-SCRIPTLET]   -> Locally signing key 04BB537F5BC2D399BFA72F8F17C752B61B2F2E90...
[2020-05-31T19:14:41+0000] [ALPM-SCRIPTLET]   -> Locally signing key 5A97ED6B72418199F0C22B23137C934B5DCB998E...
[2020-05-31T19:14:41+0000] [ALPM-SCRIPTLET]   -> Locally signing key 75C1B95A4D9514A57EB2DAE71817DC63CD3B5DF5...
[2020-05-31T19:14:41+0000] [ALPM-SCRIPTLET]   -> Locally signing key 39F0EC1AE50B37E5F3196F09DAD3B211663CA268...
[2020-05-31T19:14:41+0000] [ALPM-SCRIPTLET]   -> Locally signing key 2D14560CDCE6A75BB186DB758238651DDF5E0594...
[2020-05-31T19:14:41+0000] [ALPM-SCRIPTLET]   -> Locally signing key 7A443CEE69B6B3777740E258084A7FC0035B1D49...
[2020-05-31T19:14:41+0000] [ALPM-SCRIPTLET]   -> Locally signing key F66AD0FF0E57C561615A0901CEE477135C5872B0...
[2020-05-31T19:14:41+0000] [ALPM-SCRIPTLET]   -> Locally signing key 35B4FF23EA9477582C2A0AF12B80869C5C0102A6...
[2020-05-31T19:14:41+0000] [ALPM-SCRIPTLET]   -> Locally signing key E4CDFE50A2DA85D58C8A8C70CAA6A59611C7F07E...
[2020-05-31T19:14:42+0000] [ALPM-SCRIPTLET]   -> Locally signing key 74C2F2CC05A0AB7D859839938934292D604F8BA2...
[2020-05-31T19:14:42+0000] [ALPM-SCRIPTLET]   -> Locally signing key 77DC01C9971AC3C39A0626F72C089F09AC97B894...
[2020-05-31T19:14:42+0000] [ALPM-SCRIPTLET]   -> Locally signing key 16DC688DF3EECC72323954237EC47C82A42D53A2...
[2020-05-31T19:14:42+0000] [ALPM-SCRIPTLET]   -> Locally signing key 2C688B52E3FC0144B7484BABE3B3F44AC45EE0AA...
[2020-05-31T19:14:42+0000] [ALPM-SCRIPTLET]   -> Locally signing key 22C903DE964E6FE321656E318DB9F8C18DF53602...
[2020-05-31T19:14:42+0000] [ALPM-SCRIPTLET]   -> Locally signing key 688E8F82879D0E25CE541426150C200743ED46D8...
[2020-05-31T19:14:43+0000] [ALPM-SCRIPTLET] ==> Importing owner trust values...
[2020-05-31T19:14:43+0000] [ALPM-SCRIPTLET] gpg: setting ownertrust to 4
[2020-05-31T19:14:43+0000] [ALPM-SCRIPTLET] ==> Disabling revoked keys in keyring...
[2020-05-31T19:14:43+0000] [ALPM-SCRIPTLET]   -> Disabling key 540DE7083B89314CF70EA6F0C1B1AD0DA80EBF3E...
[2020-05-31T19:14:43+0000] [ALPM-SCRIPTLET]   -> Disabling key FAA6840E8C3FC7F89BEE0DC8AC7AB10BCB6CDD17...
[2020-05-31T19:14:43+0000] [ALPM-SCRIPTLET] ==> Updating trust database...
[2020-05-31T19:14:43+0000] [ALPM-SCRIPTLET] gpg: key 1EB2638FF56C0C53: no user ID for key signature packet of class 10
[2020-05-31T19:14:43+0000] [ALPM-SCRIPTLET] gpg: key 1EB2638FF56C0C53: no user ID for key signature packet of class 10
[2020-05-31T19:14:43+0000] [ALPM-SCRIPTLET] gpg: key 786C63F330D7CB92: no user ID for key signature packet of class 10
[2020-05-31T19:14:43+0000] [ALPM-SCRIPTLET] gpg: key 786C63F330D7CB92: no user ID for key signature packet of class 10
[2020-05-31T19:14:43+0000] [ALPM-SCRIPTLET] gpg: key 786C63F330D7CB92: no user ID for key signature packet of class 10
[2020-05-31T19:14:43+0000] [ALPM-SCRIPTLET] gpg: key 786C63F330D7CB92: no user ID for key signature packet of class 10
[2020-05-31T19:14:43+0000] [ALPM-SCRIPTLET] gpg: key 786C63F330D7CB92: no user ID for key signature packet of class 10
[2020-05-31T19:14:43+0000] [ALPM-SCRIPTLET] gpg: key 786C63F330D7CB92: no user ID for key signature packet of class 10
[2020-05-31T19:14:43+0000] [ALPM-SCRIPTLET] gpg: key 786C63F330D7CB92: no user ID for key signature packet of class 10
[2020-05-31T19:14:43+0000] [ALPM-SCRIPTLET] gpg: key 786C63F330D7CB92: no user ID for key signature packet of class 10
[2020-05-31T19:14:43+0000] [ALPM-SCRIPTLET] gpg: key 786C63F330D7CB92: no user ID for key signature packet of class 10
[2020-05-31T19:14:43+0000] [ALPM-SCRIPTLET] gpg: key 786C63F330D7CB92: no user ID for key signature packet of class 10
[2020-05-31T19:14:43+0000] [ALPM-SCRIPTLET] gpg: key 786C63F330D7CB92: no user ID for key signature packet of class 10
[2020-05-31T19:14:43+0000] [ALPM-SCRIPTLET] gpg: key 786C63F330D7CB92: no user ID for key signature packet of class 10
[2020-05-31T19:14:43+0000] [ALPM-SCRIPTLET] gpg: key 786C63F330D7CB92: no user ID for key signature packet of class 10
[2020-05-31T19:14:43+0000] [ALPM-SCRIPTLET] gpg: key 786C63F330D7CB92: no user ID for key signature packet of class 10
[2020-05-31T19:14:43+0000] [ALPM-SCRIPTLET] gpg: key 786C63F330D7CB92: no user ID for key signature packet of class 10
[2020-05-31T19:14:43+0000] [ALPM-SCRIPTLET] gpg: key 786C63F330D7CB92: no user ID for key signature packet of class 10
[2020-05-31T19:14:43+0000] [ALPM-SCRIPTLET] gpg: key 786C63F330D7CB92: no user ID for key signature packet of class 10
[2020-05-31T19:14:43+0000] [ALPM-SCRIPTLET] gpg: key 786C63F330D7CB92: no user ID for key signature packet of class 10
[2020-05-31T19:14:43+0000] [ALPM-SCRIPTLET] gpg: key 786C63F330D7CB92: no user ID for key signature packet of class 10
[2020-05-31T19:14:43+0000] [ALPM-SCRIPTLET] gpg: key 786C63F330D7CB92: no user ID for key signature packet of class 10
[2020-05-31T19:14:43+0000] [ALPM-SCRIPTLET] gpg: key 786C63F330D7CB92: no user ID for key signature packet of class 10
[2020-05-31T19:14:43+0000] [ALPM-SCRIPTLET] gpg: key 786C63F330D7CB92: no user ID for key signature packet of class 10
[2020-05-31T19:14:43+0000] [ALPM-SCRIPTLET] gpg: key 786C63F330D7CB92: no user ID for key signature packet of class 10
[2020-05-31T19:14:43+0000] [ALPM-SCRIPTLET] gpg: key 786C63F330D7CB92: no user ID for key signature packet of class 10
[2020-05-31T19:14:43+0000] [ALPM-SCRIPTLET] gpg: key 786C63F330D7CB92: no user ID for key signature packet of class 10
[2020-05-31T19:14:43+0000] [ALPM-SCRIPTLET] gpg: key 786C63F330D7CB92: no user ID for key signature packet of class 10
[2020-05-31T19:14:43+0000] [ALPM-SCRIPTLET] gpg: key 786C63F330D7CB92: no user ID for key signature packet of class 10
[2020-05-31T19:14:43+0000] [ALPM-SCRIPTLET] gpg: key 786C63F330D7CB92: no user ID for key signature packet of class 10
[2020-05-31T19:14:43+0000] [ALPM-SCRIPTLET] gpg: marginals needed: 3  completes needed: 1  trust model: pgp
[2020-05-31T19:14:43+0000] [ALPM-SCRIPTLET] gpg: depth: 0  valid:   1  signed:  29  trust: 0-, 0q, 0n, 0m, 0f, 1u
[2020-05-31T19:14:43+0000] [ALPM-SCRIPTLET] gpg: depth: 1  valid:  29  signed:  79  trust: 0-, 0q, 0n, 26m, 0f, 0u
[2020-05-31T19:14:44+0000] [ALPM-SCRIPTLET] gpg: depth: 2  valid:  74  signed:  24  trust: 74-, 0q, 0n, 0m, 0f, 0u
[2020-05-31T19:14:44+0000] [ALPM-SCRIPTLET] gpg: next trustdb check due at 2020-05-31
[2020-05-31T19:15:54+0000] [ALPM] upgraded python (3.8.2-1 -> 3.8.3-1)
[2020-05-31T19:15:58+0000] [ALPM] installed python-npyscreen (4.10.5-1)
[2020-05-31T19:16:01+0000] [ALPM] installed python-urllib3 (1.25.9-1)
[2020-05-31T19:16:01+0000] [ALPM] installed python-appdirs (1.4.4-1)
[2020-05-31T19:16:01+0000] [ALPM] installed python-pyparsing (2.4.7-1)
[2020-05-31T19:16:01+0000] [ALPM] installed python-six (1.15.0-1)
[2020-05-31T19:16:02+0000] [ALPM] installed python-packaging (20.4-1)
[2020-05-31T19:16:02+0000] [ALPM] installed python-ordered-set (3.1.1-2)
[2020-05-31T19:16:06+0000] [ALPM] installed python-setuptools (1:46.4.0-1)
[2020-05-31T19:16:09+0000] [ALPM] installed python-chardet (3.0.4-5)
[2020-05-31T19:16:10+0000] [ALPM] installed python-idna (2.9-1)
[2020-05-31T19:16:11+0000] [ALPM] installed python-requests (2.23.0-1)
[2020-05-31T19:16:16+0000] [ALPM] installed pacman-mirrors (4.16.5-1)
[2020-05-31T19:16:23+0000] [ALPM] upgraded pacman (5.2.1-2 -> 5.2.1-5)
[2020-05-31T19:16:29+0000] [ALPM] upgraded pcre2 (10.34-3 -> 10.35-1)
[2020-05-31T19:16:37+0000] [ALPM] upgraded util-linux (2.35.1-1 -> 2.35.2-1)
[2020-05-31T19:17:01+0000] [ALPM] warning: directory permissions differ on /usr/share/polkit-1/rules.d/
filesystem: 755  package: 750
[2020-05-31T19:17:02+0000] [ALPM] warning: directory permissions differ on /var/log/journal/
filesystem: 755  package: 2755
[2020-05-31T19:17:02+0000] [ALPM] upgraded systemd (245.2-2 -> 245.5-2)
[2020-05-31T19:17:02+0000] [ALPM-SCRIPTLET] Creating group sys with gid 3.
[2020-05-31T19:17:02+0000] [ALPM-SCRIPTLET] Creating group mem with gid 8.
[2020-05-31T19:17:02+0000] [ALPM-SCRIPTLET] Creating group ftp with gid 11.
[2020-05-31T19:17:02+0000] [ALPM-SCRIPTLET] Creating group mail with gid 12.
[2020-05-31T19:17:02+0000] [ALPM-SCRIPTLET] Creating group log with gid 19.
[2020-05-31T19:17:02+0000] [ALPM-SCRIPTLET] Creating group smmsp with gid 25.
[2020-05-31T19:17:02+0000] [ALPM-SCRIPTLET] Creating group proc with gid 26.
[2020-05-31T19:17:02+0000] [ALPM-SCRIPTLET] Creating group games with gid 50.
[2020-05-31T19:17:02+0000] [ALPM-SCRIPTLET] Creating group lock with gid 54.
[2020-05-31T19:17:02+0000] [ALPM-SCRIPTLET] Creating group network with gid 90.
[2020-05-31T19:17:02+0000] [ALPM-SCRIPTLET] Creating group floppy with gid 94.
[2020-05-31T19:17:02+0000] [ALPM-SCRIPTLET] Creating group scanner with gid 96.
[2020-05-31T19:17:02+0000] [ALPM-SCRIPTLET] Creating group power with gid 98.
[2020-05-31T19:17:02+0000] [ALPM-SCRIPTLET] Creating group adm with gid 999.
[2020-05-31T19:17:02+0000] [ALPM-SCRIPTLET] Creating group wheel with gid 998.
[2020-05-31T19:17:02+0000] [ALPM-SCRIPTLET] Creating group kmem with gid 997.
[2020-05-31T19:17:02+0000] [ALPM-SCRIPTLET] Creating group tty with gid 5.
[2020-05-31T19:17:02+0000] [ALPM-SCRIPTLET] Creating group utmp with gid 996.
[2020-05-31T19:17:02+0000] [ALPM-SCRIPTLET] Creating group audio with gid 995.
[2020-05-31T19:17:02+0000] [ALPM-SCRIPTLET] Creating group disk with gid 994.
[2020-05-31T19:17:02+0000] [ALPM-SCRIPTLET] Creating group input with gid 993.
[2020-05-31T19:17:02+0000] [ALPM-SCRIPTLET] Creating group kvm with gid 992.
[2020-05-31T19:17:02+0000] [ALPM-SCRIPTLET] Creating group lp with gid 991.
[2020-05-31T19:17:02+0000] [ALPM-SCRIPTLET] Creating group optical with gid 990.
[2020-05-31T19:17:02+0000] [ALPM-SCRIPTLET] Creating group render with gid 989.
[2020-05-31T19:17:02+0000] [ALPM-SCRIPTLET] Creating group storage with gid 988.
[2020-05-31T19:17:02+0000] [ALPM-SCRIPTLET] Creating group uucp with gid 987.
[2020-05-31T19:17:02+0000] [ALPM-SCRIPTLET] Creating group video with gid 986.
[2020-05-31T19:17:02+0000] [ALPM-SCRIPTLET] Creating group users with gid 985.
[2020-05-31T19:17:02+0000] [ALPM-SCRIPTLET] Creating group systemd-journal with gid 984.
[2020-05-31T19:17:02+0000] [ALPM-SCRIPTLET] Creating group rfkill with gid 983.
[2020-05-31T19:17:02+0000] [ALPM-SCRIPTLET] Creating group bin with gid 1.
[2020-05-31T19:17:02+0000] [ALPM-SCRIPTLET] Creating user bin (n/a) with uid 1 and gid 1.
[2020-05-31T19:17:02+0000] [ALPM-SCRIPTLET] Creating group daemon with gid 2.
[2020-05-31T19:17:02+0000] [ALPM-SCRIPTLET] Creating user daemon (n/a) with uid 2 and gid 2.
[2020-05-31T19:17:02+0000] [ALPM-SCRIPTLET] Creating user mail (n/a) with uid 8 and gid 12.
[2020-05-31T19:17:02+0000] [ALPM-SCRIPTLET] Creating user ftp (n/a) with uid 14 and gid 11.
[2020-05-31T19:17:02+0000] [ALPM-SCRIPTLET] Creating group http with gid 33.
[2020-05-31T19:17:02+0000] [ALPM-SCRIPTLET] Creating user http (n/a) with uid 33 and gid 33.
[2020-05-31T19:17:02+0000] [ALPM-SCRIPTLET] Creating group nobody with gid 65534.
[2020-05-31T19:17:02+0000] [ALPM-SCRIPTLET] Creating user nobody (Nobody) with uid 65534 and gid 65534.
[2020-05-31T19:17:02+0000] [ALPM-SCRIPTLET] Creating group dbus with gid 81.
[2020-05-31T19:17:02+0000] [ALPM-SCRIPTLET] Creating user dbus (System Message Bus) with uid 81 and gid 81.
[2020-05-31T19:17:02+0000] [ALPM-SCRIPTLET] Creating group systemd-journal-remote with gid 982.
[2020-05-31T19:17:02+0000] [ALPM-SCRIPTLET] Creating user systemd-journal-remote (systemd Journal Remote) with uid 982 and gid 982.
[2020-05-31T19:17:02+0000] [ALPM-SCRIPTLET] Creating group systemd-network with gid 981.
[2020-05-31T19:17:02+0000] [ALPM-SCRIPTLET] Creating user systemd-network (systemd Network Management) with uid 981 and gid 981.
[2020-05-31T19:17:02+0000] [ALPM-SCRIPTLET] Creating group systemd-resolve with gid 980.
[2020-05-31T19:17:02+0000] [ALPM-SCRIPTLET] Creating user systemd-resolve (systemd Resolver) with uid 980 and gid 980.
[2020-05-31T19:17:02+0000] [ALPM-SCRIPTLET] Creating group systemd-timesync with gid 979.
[2020-05-31T19:17:02+0000] [ALPM-SCRIPTLET] Creating user systemd-timesync (systemd Time Synchronization) with uid 979 and gid 979.
[2020-05-31T19:17:02+0000] [ALPM-SCRIPTLET] Creating group systemd-coredump with gid 978.
[2020-05-31T19:17:02+0000] [ALPM-SCRIPTLET] Creating user systemd-coredump (systemd Core Dumper) with uid 978 and gid 978.
[2020-05-31T19:17:02+0000] [ALPM-SCRIPTLET] Creating group uuidd with gid 68.
[2020-05-31T19:17:02+0000] [ALPM-SCRIPTLET] Creating user uuidd (n/a) with uid 68 and gid 68.
[2020-05-31T19:17:06+0000] [ALPM] transaction completed
[2020-05-31T19:17:06+0000] [ALPM] running '20-systemd-sysusers.hook'...
[2020-05-31T19:17:07+0000] [ALPM] running '30-systemd-catalog.hook'...
[2020-05-31T19:17:07+0000] [ALPM] running '30-systemd-daemon-reload.hook'...
[2020-05-31T19:17:07+0000] [ALPM-SCRIPTLET]   Skipped: Current root is not booted.
[2020-05-31T19:17:07+0000] [ALPM] running '30-systemd-hwdb.hook'...
[2020-05-31T19:17:09+0000] [ALPM] running '30-systemd-sysctl.hook'...
[2020-05-31T19:17:09+0000] [ALPM-SCRIPTLET]   Skipped: Current root is not booted.
[2020-05-31T19:17:09+0000] [ALPM] running '30-systemd-tmpfiles.hook'...
[2020-05-31T19:17:09+0000] [ALPM-SCRIPTLET] [/usr/lib/tmpfiles.d/journal-nocow.conf:26] Failed to resolve specifier: uninitialized /etc detected, skipping
[2020-05-31T19:17:09+0000] [ALPM-SCRIPTLET] All rules containing unresolvable specifiers will be skipped.
[2020-05-31T19:17:10+0000] [ALPM] running '30-systemd-udev-reload.hook'...
[2020-05-31T19:17:10+0000] [ALPM-SCRIPTLET]   Skipped: Device manager is not running.
[2020-05-31T19:17:10+0000] [ALPM] running '30-systemd-update.hook'...
[2020-05-31T19:17:10+0000] [ALPM] running 'dbus-reload.hook'...
[2020-05-31T19:17:10+0000] [ALPM-SCRIPTLET]   Skipped: Current root is not booted.
[2020-05-31T19:17:10+0000] [ALPM] running 'detect-old-perl-modules.hook'...
[2020-05-31T19:17:11+0000] [ALPM] running 'pacman-mirrors-install.hook'...
[2020-05-31T19:17:28+0000] [ALPM-SCRIPTLET] ::[1;37mINFO[1;m Downloading mirrors from repo.manjaro.org
[2020-05-31T19:17:28+0000] [ALPM-SCRIPTLET] hint: use `pacman-mirrors` to generate and update your pacman mirrorlist.
[2020-05-31T19:17:28+0000] [ALPM] running 'update-ca-trust.hook'...
[2020-05-31T19:19:28+0000] [PACMAN] Running 'pacman -Syu'
[2020-05-31T19:19:29+0000] [PACMAN] synchronizing package lists
[2020-05-31T19:19:30+0000] [PACMAN] starting full system upgrade
[2020-05-31T19:25:37+0000] [PACMAN] Running 'pacman -Syu vim'
[2020-05-31T19:25:37+0000] [PACMAN] synchronizing package lists
[2020-05-31T19:25:42+0000] [PACMAN] starting full system upgrade
[2020-05-31T19:26:07+0000] [ALPM] transaction started
[2020-05-31T19:26:36+0000] [ALPM] installed vim-runtime (8.2.0814-2)
[2020-05-31T19:26:37+0000] [ALPM] installed procps-ng (3.3.16-2)
[2020-05-31T19:26:37+0000] [ALPM] installed gpm (1.20.7.r27.g1fd1941-2)
[2020-05-31T19:26:39+0000] [ALPM] installed vim (8.2.0814-2)
[2020-05-31T19:26:40+0000] [ALPM] transaction completed
[2020-05-31T19:26:40+0000] [ALPM] running '30-systemd-daemon-reload.hook'...
[2020-05-31T19:26:40+0000] [ALPM-SCRIPTLET]   Skipped: Current root is not booted.
[2020-05-31T19:26:40+0000] [ALPM] running '30-systemd-update.hook'...
[2020-06-01T07:31:09+0000] [PACMAN] Running 'pacman -U'
[2020-06-03T05:50:36+0000] [PACMAN] Running 'pacman -Syu'
[2020-06-03T05:50:36+0000] [PACMAN] synchronizing package lists
[2020-06-03T05:50:41+0000] [PACMAN] starting full system upgrade
[2020-06-03T10:27:37+0000] [PACMAN] Running 'pacman -Syu'
[2020-06-03T10:27:37+0000] [PACMAN] synchronizing package lists
[2020-06-03T10:27:44+0000] [PACMAN] starting full system upgrade
[2020-06-05T05:30:40+0000] [PACMAN] Running 'pacman -Syu'
[2020-06-05T05:30:40+0000] [PACMAN] synchronizing package lists
[2020-06-05T05:31:05+0000] [PACMAN] starting full system upgrade
[2020-06-07T10:46:23+0000] [PACMAN] Running 'pacman -Syu'
[2020-06-07T10:46:23+0000] [PACMAN] synchronizing package lists
[2020-06-07T10:46:30+0000] [PACMAN] Running 'pacman -Syu'
[2020-06-07T10:46:30+0000] [PACMAN] synchronizing package lists
[2020-06-07T10:47:05+0000] [PACMAN] starting full system upgrade
[2020-06-12T07:31:13+0000] [PACMAN] Running 'pacman -Syu'
[2020-06-12T07:31:13+0000] [PACMAN] synchronizing package lists
[2020-06-12T07:31:29+0000] [PACMAN] starting full system upgrade
[2020-06-14T18:34:24+0000] [PACMAN] Running 'pacman -Syu'
[2020-06-14T18:34:24+0000] [PACMAN] synchronizing package lists
[2020-06-14T18:35:35+0000] [ALPM] transaction started
[2020-06-14T18:35:35+0000] [ALPM] upgraded archlinux-keyring (20200422-1 -> 20200603-1)
[2020-06-14T18:35:36+0000] [ALPM-SCRIPTLET] ==> Appending keys from archlinux.gpg...
[2020-06-14T18:35:45+0000] [ALPM-SCRIPTLET] ==> Locally signing trusted keys in keyring...
[2020-06-14T18:35:45+0000] [ALPM-SCRIPTLET]   -> Locally signing key D8AFDDA07A5B6EDFA7D8CCDAD6D055F927843F1C...
[2020-06-14T18:35:45+0000] [ALPM-SCRIPTLET]   -> Locally signing key DDB867B92AA789C165EEFA799B729B06A680C281...
[2020-06-14T18:35:46+0000] [ALPM-SCRIPTLET]   -> Locally signing key 91FFE0700E80619CEB73235CA88E23E377514E00...
[2020-06-14T18:35:46+0000] [ALPM-SCRIPTLET]   -> Locally signing key 0E8B644079F599DFC1DDC3973348882F6AC6A4C2...
[2020-06-14T18:35:46+0000] [ALPM-SCRIPTLET]   -> Locally signing key AB19265E5D7D20687D303246BA1DFB64FFF979E7...
[2020-06-14T18:35:46+0000] [ALPM-SCRIPTLET] ==> Importing owner trust values...
[2020-06-14T18:35:46+0000] [ALPM-SCRIPTLET] ==> Disabling revoked keys in keyring...
[2020-06-14T18:35:46+0000] [ALPM-SCRIPTLET]   -> Disabling key 8F76BEEA0289F9E1D3E229C05F946DED983D4366...
[2020-06-14T18:35:46+0000] [ALPM-SCRIPTLET]   -> Disabling key 63F395DE2D6398BBE458F281F2DBB4931985A992...
[2020-06-14T18:35:46+0000] [ALPM-SCRIPTLET]   -> Disabling key 50F33E2E5B0C3D900424ABE89BDCF497A4BBCC7F...
[2020-06-14T18:35:46+0000] [ALPM-SCRIPTLET]   -> Disabling key 27FFC4769E19F096D41D9265A04F9397CDFD6BB0...
[2020-06-14T18:35:47+0000] [ALPM-SCRIPTLET]   -> Disabling key 39F880E50E49A4D11341E8F939E4F17F295AFBF4...
[2020-06-14T18:35:47+0000] [ALPM-SCRIPTLET]   -> Disabling key 8840BD07FC24CB7CE394A07CCF7037A4F27FB7DA...
[2020-06-14T18:35:47+0000] [ALPM-SCRIPTLET]   -> Disabling key 5559BC1A32B8F76B3FCCD9555FA5E5544F010D48...
[2020-06-14T18:35:47+0000] [ALPM-SCRIPTLET]   -> Disabling key 0B20CA1931F5DA3A70D0F8D2EA6836E1AB441196...
[2020-06-14T18:35:47+0000] [ALPM-SCRIPTLET]   -> Disabling key 07DFD3A0BC213FA12EDC217559B3122E2FA915EC...
[2020-06-14T18:35:47+0000] [ALPM-SCRIPTLET]   -> Disabling key 4FCF887689C41B09506BE8D5F3E1D5C5D30DB0AD...
[2020-06-14T18:35:47+0000] [ALPM-SCRIPTLET]   -> Disabling key 5A2257D19FF7E1E0E415968CE62F853100F0D0F0...
[2020-06-14T18:35:47+0000] [ALPM-SCRIPTLET]   -> Disabling key D921CABED130A5690EF1896E81AF739EC0711BF1...
[2020-06-14T18:35:47+0000] [ALPM-SCRIPTLET]   -> Disabling key 7FA647CD89891DEDC060287BB9113D1ED21E1A55...
[2020-06-14T18:35:47+0000] [ALPM-SCRIPTLET]   -> Disabling key BC1FBE4D2826A0B51E47ED62E2539214C6C11350...
[2020-06-14T18:35:48+0000] [ALPM-SCRIPTLET]   -> Disabling key 4A8B17E20B88ACA61860009B5CED81B7C2E5C0D2...
[2020-06-14T18:35:48+0000] [ALPM-SCRIPTLET]   -> Disabling key 5696C003B0854206450C8E5BE613C09CB4440678...
[2020-06-14T18:35:48+0000] [ALPM-SCRIPTLET]   -> Disabling key 684148BB25B49E986A4944C55184252D824B18E8...
[2020-06-14T18:35:48+0000] [ALPM-SCRIPTLET]   -> Disabling key 8CF934E339CAD8ABF342E822E711306E3C4F88BC...
[2020-06-14T18:35:48+0000] [ALPM-SCRIPTLET]   -> Disabling key F5A361A3A13554B85E57DDDAAF7EF7873CFD4BB6...
[2020-06-14T18:35:48+0000] [ALPM-SCRIPTLET]   -> Disabling key 5E7585ADFF106BFFBBA319DC654B877A0864983E...
[2020-06-14T18:35:48+0000] [ALPM-SCRIPTLET]   -> Disabling key 65EEFE022108E2B708CBFCF7F9E712E59AF5F22A...
[2020-06-14T18:35:48+0000] [ALPM-SCRIPTLET]   -> Disabling key 40440DC037C05620984379A6761FAD69BA06C6A9...
[2020-06-14T18:35:48+0000] [ALPM-SCRIPTLET]   -> Disabling key 34C5D94FE7E7913E86DC427E7FB1A3800C84C0A5...
[2020-06-14T18:35:49+0000] [ALPM-SCRIPTLET]   -> Disabling key 81D7F8241DB38BC759C80FCE3A726C6170E80477...
[2020-06-14T18:35:49+0000] [ALPM-SCRIPTLET]   -> Disabling key E7210A59715F6940CF9A4E36A001876699AD6E84...
[2020-06-14T18:35:49+0000] [ALPM-SCRIPTLET]   -> Disabling key 5357F3B111688D88C1D88119FCF2CB179205AC90...
[2020-06-14T18:35:49+0000] [ALPM-SCRIPTLET]   -> Disabling key 4D913AECD81726D9A6C74F0ADA6426DD215B37AD...
[2020-06-14T18:35:49+0000] [ALPM-SCRIPTLET]   -> Disabling key FB871F0131FEA4FB5A9192B4C8880A6406361833...
[2020-06-14T18:35:49+0000] [ALPM-SCRIPTLET]   -> Disabling key 66BD74A036D522F51DD70A3C7F2A16726521E06D...
[2020-06-14T18:35:49+0000] [ALPM-SCRIPTLET]   -> Disabling key B1F2C889CB2CCB2ADA36D963097D629E437520BD...
[2020-06-14T18:35:50+0000] [ALPM-SCRIPTLET]   -> Disabling key 9515D8A8EAB88E49BB65EDBCE6B456CAF15447D5...
[2020-06-14T18:35:50+0000] [ALPM-SCRIPTLET]   -> Disabling key 76B4192E902C0A52642C63C273B8ED52F1D357C1...
[2020-06-14T18:35:50+0000] [ALPM-SCRIPTLET]   -> Disabling key 40776A5221EF5AD468A4906D42A1DB15EC133BAD...
[2020-06-14T18:35:50+0000] [ALPM-SCRIPTLET]   -> Disabling key D4DE5ABDE2A7287644EAC7E36D1A9E70E19DAA50...
[2020-06-14T18:35:50+0000] [ALPM-SCRIPTLET]   -> Disabling key 44D4A033AC140143927397D47EFD567D4C7EA887...
[2020-06-14T18:35:50+0000] [ALPM-SCRIPTLET] ==> Updating trust database...
[2020-06-14T18:35:50+0000] [ALPM-SCRIPTLET] gpg: next trustdb check due at 2020-10-17
[2020-06-14T18:35:51+0000] [ALPM] transaction completed
[2020-06-14T18:35:51+0000] [ALPM] running '30-systemd-update.hook'...
[2020-06-14T18:35:51+0000] [PACMAN] starting full system upgrade
[2020-06-14T18:38:04+0000] [ALPM] transaction started
[2020-06-14T18:38:04+0000] [ALPM] upgraded iana-etc (20200511-1 -> 20200601-1)
[2020-06-14T18:38:05+0000] [ALPM] warning: directory permissions differ on /root/
filesystem: 755  package: 750
[2020-06-14T18:38:05+0000] [ALPM] warning: directory permissions differ on /srv/ftp/
filesystem: 755  package: 555
[2020-06-14T18:38:05+0000] [ALPM] warning: directory permissions differ on /sys/
filesystem: 755  package: 555
[2020-06-14T18:38:05+0000] [ALPM] warning: directory permissions differ on /var/games/
filesystem: 755  package: 775
[2020-06-14T18:38:05+0000] [ALPM] warning: directory permissions differ on /var/spool/mail/
filesystem: 755  package: 1777
[2020-06-14T18:38:05+0000] [ALPM] upgraded filesystem (2019.04-1 -> 2020.05-1)
[2020-06-14T18:38:07+0000] [ALPM] upgraded libgpg-error (1.37-1 -> 1.38-1)
[2020-06-14T18:38:07+0000] [ALPM] upgraded systemd-libs (245.5-2 -> 245.6-6)
[2020-06-14T18:39:09+0000] [ALPM] upgraded perl (5.30.2-1 -> 5.30.3-1)
[2020-06-14T18:39:09+0000] [ALPM] upgraded ca-certificates-mozilla (3.52.1-2 -> 3.53-1)
[2020-06-14T18:39:10+0000] [ALPM] upgraded device-mapper (2.02.187-2 -> 2.02.187-3)
[2020-06-14T18:39:11+0000] [ALPM] upgraded cryptsetup (2.3.2-2 -> 2.3.3-1)
[2020-06-14T18:39:13+0000] [ALPM] upgraded dbus (1.12.16-5 -> 1.12.18-1)
[2020-06-14T18:39:13+0000] [ALPM] upgraded libksba (1.3.5-2 -> 1.4.0-1)
[2020-06-14T18:39:34+0000] [ALPM] upgraded gnutls (3.6.13-2 -> 3.6.14-1)
[2020-06-14T18:39:34+0000] [ALPM] upgraded sqlite (3.32.1-1 -> 3.32.2-1)
[2020-06-14T18:39:35+0000] [ALPM] upgraded gnupg (2.2.20-2 -> 2.2.20-4)
[2020-06-14T18:39:37+0000] [ALPM] upgraded iptables (1:1.8.4-1 -> 1:1.8.5-2)
[2020-06-14T18:39:37+0000] [ALPM] upgraded libnghttp2 (1.40.0-1 -> 1.41.0-1)
[2020-06-14T18:39:42+0000] [ALPM] upgraded python-setuptools (1:46.4.0-1 -> 1:47.1.1-1)
[2020-06-14T18:40:14+0000] [ALPM] warning: directory permissions differ on /usr/share/polkit-1/rules.d/
filesystem: 755  package: 750
[2020-06-14T18:40:14+0000] [ALPM] upgraded systemd (245.5-2 -> 245.6-6)
[2020-06-14T18:40:18+0000] [ALPM] transaction completed
[2020-06-14T18:40:19+0000] [ALPM] running '20-systemd-sysusers.hook'...
[2020-06-14T18:40:19+0000] [ALPM] running '30-systemd-catalog.hook'...
[2020-06-14T18:40:20+0000] [ALPM] running '30-systemd-daemon-reload.hook'...
[2020-06-14T18:40:20+0000] [ALPM-SCRIPTLET]   Skipped: Current root is not booted.
[2020-06-14T18:40:20+0000] [ALPM] running '30-systemd-hwdb.hook'...
[2020-06-14T18:40:22+0000] [ALPM] running '30-systemd-sysctl.hook'...
[2020-06-14T18:40:23+0000] [ALPM-SCRIPTLET]   Skipped: Current root is not booted.
[2020-06-14T18:40:23+0000] [ALPM] running '30-systemd-tmpfiles.hook'...
[2020-06-14T18:40:23+0000] [ALPM-SCRIPTLET] [/usr/lib/tmpfiles.d/journal-nocow.conf:26] Failed to resolve specifier: uninitialized /etc detected, skipping
[2020-06-14T18:40:23+0000] [ALPM-SCRIPTLET] All rules containing unresolvable specifiers will be skipped.
[2020-06-14T18:40:24+0000] [ALPM] running '30-systemd-udev-reload.hook'...
[2020-06-14T18:40:24+0000] [ALPM-SCRIPTLET]   Skipped: Device manager is not running.
[2020-06-14T18:40:24+0000] [ALPM] running '30-systemd-update.hook'...
[2020-06-14T18:40:24+0000] [ALPM] running 'dbus-reload.hook'...
[2020-06-14T18:40:24+0000] [ALPM-SCRIPTLET]   Skipped: Current root is not booted.
[2020-06-14T18:40:24+0000] [ALPM] running 'detect-old-perl-modules.hook'...
[2020-06-14T18:40:25+0000] [ALPM] running 'update-ca-trust.hook'...
[2020-06-14T18:41:53+0000] [PACMAN] Running 'pacman -Syu'
[2020-06-14T18:41:53+0000] [PACMAN] synchronizing package lists
[2020-06-14T18:42:00+0000] [PACMAN] starting full system upgrade
[2020-06-23T18:02:00+0000] [PACMAN] Running 'pacman -Syu'
[2020-06-23T18:02:00+0000] [PACMAN] synchronizing package lists
[2020-06-23T18:03:10+0000] [PACMAN] starting full system upgrade
[2020-07-08T20:23:37+0000] [PACMAN] Running 'pacman -Syu'
[2020-07-08T20:23:37+0000] [PACMAN] synchronizing package lists
[2020-07-08T20:23:56+0000] [ALPM] transaction started
[2020-07-08T20:23:56+0000] [ALPM] upgraded manjaro-keyring (20200421-1 -> 20200603-1)
[2020-07-08T20:23:57+0000] [ALPM-SCRIPTLET] ==> Appending keys from manjaro.gpg...
[2020-07-08T20:24:00+0000] [ALPM-SCRIPTLET] ==> Locally signing trusted keys in keyring...
[2020-07-08T20:24:00+0000] [ALPM-SCRIPTLET]   -> Locally signing key B4663188A692DB1E45A98EE95BD96CC4247B52CC...
[2020-07-08T20:24:00+0000] [ALPM-SCRIPTLET]   -> Locally signing key 76C6E477042BFE985CC220BD9C08A255442FAFF0...
[2020-07-08T20:24:01+0000] [ALPM-SCRIPTLET]   -> Locally signing key 7C89F4D439B2BFACF425107B62443D89B35859F8...
[2020-07-08T20:24:01+0000] [ALPM-SCRIPTLET]   -> Locally signing key 1E7908935AAB9A00D6B47503363DFFFD59152F77...
[2020-07-08T20:24:01+0000] [ALPM-SCRIPTLET]   -> Locally signing key 04BB537F5BC2D399BFA72F8F17C752B61B2F2E90...
[2020-07-08T20:24:01+0000] [ALPM-SCRIPTLET]   -> Locally signing key 5A97ED6B72418199F0C22B23137C934B5DCB998E...
[2020-07-08T20:24:01+0000] [ALPM-SCRIPTLET]   -> Locally signing key 75C1B95A4D9514A57EB2DAE71817DC63CD3B5DF5...
[2020-07-08T20:24:01+0000] [ALPM-SCRIPTLET]   -> Locally signing key 39F0EC1AE50B37E5F3196F09DAD3B211663CA268...
[2020-07-08T20:24:01+0000] [ALPM-SCRIPTLET]   -> Locally signing key 2D14560CDCE6A75BB186DB758238651DDF5E0594...
[2020-07-08T20:24:01+0000] [ALPM-SCRIPTLET]   -> Locally signing key 7A443CEE69B6B3777740E258084A7FC0035B1D49...
[2020-07-08T20:24:01+0000] [ALPM-SCRIPTLET]   -> Locally signing key F66AD0FF0E57C561615A0901CEE477135C5872B0...
[2020-07-08T20:24:02+0000] [ALPM-SCRIPTLET]   -> Locally signing key 35B4FF23EA9477582C2A0AF12B80869C5C0102A6...
[2020-07-08T20:24:02+0000] [ALPM-SCRIPTLET]   -> Locally signing key E4CDFE50A2DA85D58C8A8C70CAA6A59611C7F07E...
[2020-07-08T20:24:02+0000] [ALPM-SCRIPTLET]   -> Locally signing key 74C2F2CC05A0AB7D859839938934292D604F8BA2...
[2020-07-08T20:24:02+0000] [ALPM-SCRIPTLET]   -> Locally signing key 77DC01C9971AC3C39A0626F72C089F09AC97B894...
[2020-07-08T20:24:02+0000] [ALPM-SCRIPTLET]   -> Locally signing key 16DC688DF3EECC72323954237EC47C82A42D53A2...
[2020-07-08T20:24:02+0000] [ALPM-SCRIPTLET]   -> Locally signing key 2C688B52E3FC0144B7484BABE3B3F44AC45EE0AA...
[2020-07-08T20:24:02+0000] [ALPM-SCRIPTLET]   -> Locally signing key 22C903DE964E6FE321656E318DB9F8C18DF53602...
[2020-07-08T20:24:03+0000] [ALPM-SCRIPTLET]   -> Locally signing key 688E8F82879D0E25CE541426150C200743ED46D8...
[2020-07-08T20:24:03+0000] [ALPM-SCRIPTLET] ==> Importing owner trust values...
[2020-07-08T20:24:03+0000] [ALPM-SCRIPTLET] ==> Disabling revoked keys in keyring...
[2020-07-08T20:24:03+0000] [ALPM-SCRIPTLET]   -> Disabling key 540DE7083B89314CF70EA6F0C1B1AD0DA80EBF3E...
[2020-07-08T20:24:03+0000] [ALPM-SCRIPTLET]   -> Disabling key FAA6840E8C3FC7F89BEE0DC8AC7AB10BCB6CDD17...
[2020-07-08T20:24:03+0000] [ALPM-SCRIPTLET] ==> Updating trust database...
[2020-07-08T20:24:03+0000] [ALPM-SCRIPTLET] gpg: next trustdb check due at 2020-10-17
[2020-07-08T20:24:03+0000] [ALPM] upgraded archlinux-keyring (20200603-1 -> 20200622-1)
[2020-07-08T20:24:04+0000] [ALPM-SCRIPTLET] ==> Appending keys from archlinux.gpg...
[2020-07-08T20:24:14+0000] [ALPM-SCRIPTLET] ==> Locally signing trusted keys in keyring...
[2020-07-08T20:24:14+0000] [ALPM-SCRIPTLET]   -> Locally signing key D8AFDDA07A5B6EDFA7D8CCDAD6D055F927843F1C...
[2020-07-08T20:24:14+0000] [ALPM-SCRIPTLET]   -> Locally signing key DDB867B92AA789C165EEFA799B729B06A680C281...
[2020-07-08T20:24:14+0000] [ALPM-SCRIPTLET]   -> Locally signing key 91FFE0700E80619CEB73235CA88E23E377514E00...
[2020-07-08T20:24:14+0000] [ALPM-SCRIPTLET]   -> Locally signing key 0E8B644079F599DFC1DDC3973348882F6AC6A4C2...
[2020-07-08T20:24:14+0000] [ALPM-SCRIPTLET]   -> Locally signing key AB19265E5D7D20687D303246BA1DFB64FFF979E7...
[2020-07-08T20:24:14+0000] [ALPM-SCRIPTLET] ==> Importing owner trust values...
[2020-07-08T20:24:15+0000] [ALPM-SCRIPTLET] ==> Disabling revoked keys in keyring...
[2020-07-08T20:24:15+0000] [ALPM-SCRIPTLET]   -> Disabling key 8F76BEEA0289F9E1D3E229C05F946DED983D4366...
[2020-07-08T20:24:15+0000] [ALPM-SCRIPTLET]   -> Disabling key 63F395DE2D6398BBE458F281F2DBB4931985A992...
[2020-07-08T20:24:15+0000] [ALPM-SCRIPTLET]   -> Disabling key 50F33E2E5B0C3D900424ABE89BDCF497A4BBCC7F...
[2020-07-08T20:24:15+0000] [ALPM-SCRIPTLET]   -> Disabling key 27FFC4769E19F096D41D9265A04F9397CDFD6BB0...
[2020-07-08T20:24:15+0000] [ALPM-SCRIPTLET]   -> Disabling key 39F880E50E49A4D11341E8F939E4F17F295AFBF4...
[2020-07-08T20:24:15+0000] [ALPM-SCRIPTLET]   -> Disabling key 8840BD07FC24CB7CE394A07CCF7037A4F27FB7DA...
[2020-07-08T20:24:15+0000] [ALPM-SCRIPTLET]   -> Disabling key 5559BC1A32B8F76B3FCCD9555FA5E5544F010D48...
[2020-07-08T20:24:16+0000] [ALPM-SCRIPTLET]   -> Disabling key 0B20CA1931F5DA3A70D0F8D2EA6836E1AB441196...
[2020-07-08T20:24:16+0000] [ALPM-SCRIPTLET]   -> Disabling key 07DFD3A0BC213FA12EDC217559B3122E2FA915EC...
[2020-07-08T20:24:16+0000] [ALPM-SCRIPTLET]   -> Disabling key 4FCF887689C41B09506BE8D5F3E1D5C5D30DB0AD...
[2020-07-08T20:24:16+0000] [ALPM-SCRIPTLET]   -> Disabling key 5A2257D19FF7E1E0E415968CE62F853100F0D0F0...
[2020-07-08T20:24:16+0000] [ALPM-SCRIPTLET]   -> Disabling key D921CABED130A5690EF1896E81AF739EC0711BF1...
[2020-07-08T20:24:16+0000] [ALPM-SCRIPTLET]   -> Disabling key 7FA647CD89891DEDC060287BB9113D1ED21E1A55...
[2020-07-08T20:24:16+0000] [ALPM-SCRIPTLET]   -> Disabling key BC1FBE4D2826A0B51E47ED62E2539214C6C11350...
[2020-07-08T20:24:16+0000] [ALPM-SCRIPTLET]   -> Disabling key 4A8B17E20B88ACA61860009B5CED81B7C2E5C0D2...
[2020-07-08T20:24:16+0000] [ALPM-SCRIPTLET]   -> Disabling key 5696C003B0854206450C8E5BE613C09CB4440678...
[2020-07-08T20:24:17+0000] [ALPM-SCRIPTLET]   -> Disabling key 684148BB25B49E986A4944C55184252D824B18E8...
[2020-07-08T20:24:17+0000] [ALPM-SCRIPTLET]   -> Disabling key 8CF934E339CAD8ABF342E822E711306E3C4F88BC...
[2020-07-08T20:24:17+0000] [ALPM-SCRIPTLET]   -> Disabling key F5A361A3A13554B85E57DDDAAF7EF7873CFD4BB6...
[2020-07-08T20:24:17+0000] [ALPM-SCRIPTLET]   -> Disabling key 5E7585ADFF106BFFBBA319DC654B877A0864983E...
[2020-07-08T20:24:17+0000] [ALPM-SCRIPTLET]   -> Disabling key 65EEFE022108E2B708CBFCF7F9E712E59AF5F22A...
[2020-07-08T20:24:17+0000] [ALPM-SCRIPTLET]   -> Disabling key 40440DC037C05620984379A6761FAD69BA06C6A9...
[2020-07-08T20:24:17+0000] [ALPM-SCRIPTLET]   -> Disabling key 34C5D94FE7E7913E86DC427E7FB1A3800C84C0A5...
[2020-07-08T20:24:17+0000] [ALPM-SCRIPTLET]   -> Disabling key 81D7F8241DB38BC759C80FCE3A726C6170E80477...
[2020-07-08T20:24:17+0000] [ALPM-SCRIPTLET]   -> Disabling key E7210A59715F6940CF9A4E36A001876699AD6E84...
[2020-07-08T20:24:18+0000] [ALPM-SCRIPTLET]   -> Disabling key 5357F3B111688D88C1D88119FCF2CB179205AC90...
[2020-07-08T20:24:18+0000] [ALPM-SCRIPTLET]   -> Disabling key 4D913AECD81726D9A6C74F0ADA6426DD215B37AD...
[2020-07-08T20:24:18+0000] [ALPM-SCRIPTLET]   -> Disabling key FB871F0131FEA4FB5A9192B4C8880A6406361833...
[2020-07-08T20:24:18+0000] [ALPM-SCRIPTLET]   -> Disabling key 66BD74A036D522F51DD70A3C7F2A16726521E06D...
[2020-07-08T20:24:18+0000] [ALPM-SCRIPTLET]   -> Disabling key B1F2C889CB2CCB2ADA36D963097D629E437520BD...
[2020-07-08T20:24:18+0000] [ALPM-SCRIPTLET]   -> Disabling key 9515D8A8EAB88E49BB65EDBCE6B456CAF15447D5...
[2020-07-08T20:24:18+0000] [ALPM-SCRIPTLET]   -> Disabling key 76B4192E902C0A52642C63C273B8ED52F1D357C1...
[2020-07-08T20:24:18+0000] [ALPM-SCRIPTLET]   -> Disabling key 40776A5221EF5AD468A4906D42A1DB15EC133BAD...
[2020-07-08T20:24:18+0000] [ALPM-SCRIPTLET]   -> Disabling key D4DE5ABDE2A7287644EAC7E36D1A9E70E19DAA50...
[2020-07-08T20:24:18+0000] [ALPM-SCRIPTLET]   -> Disabling key 44D4A033AC140143927397D47EFD567D4C7EA887...
[2020-07-08T20:24:18+0000] [ALPM-SCRIPTLET] ==> Updating trust database...
[2020-07-08T20:24:18+0000] [ALPM-SCRIPTLET] gpg: next trustdb check due at 2020-10-17
[2020-07-08T20:24:20+0000] [ALPM] transaction completed
[2020-07-08T20:24:20+0000] [ALPM] running '30-systemd-update.hook'...
[2020-07-08T20:24:21+0000] [PACMAN] starting full system upgrade
[2020-07-08T20:25:16+0000] [ALPM] transaction started
[2020-07-08T20:25:18+0000] [ALPM] upgraded libcap (2.34-1 -> 2.36-1)
[2020-07-08T20:26:20+0000] [ALPM] upgraded perl (5.30.3-1 -> 5.32.0-1)
[2020-07-08T20:26:20+0000] [ALPM] upgraded systemd-libs (245.6-6 -> 245.6-8)
[2020-07-08T20:26:20+0000] [ALPM] upgraded ca-certificates-mozilla (3.53-1 -> 3.54-0.1)
[2020-07-08T20:26:25+0000] [ALPM] upgraded libldap (2.4.49-1 -> 2.4.50-2)
[2020-07-08T20:26:27+0000] [ALPM] upgraded krb5 (1.18.1-1 -> 1.18.2-1)
[2020-07-08T20:26:28+0000] [ALPM] upgraded libelf (0.179-1 -> 0.180-1)
[2020-07-08T20:26:29+0000] [ALPM] upgraded libnftnl (1.1.6-1 -> 1.1.7-1)
[2020-07-08T20:26:33+0000] [ALPM] upgraded python-setuptools (1:47.1.1-1 -> 1:47.3.1-1)
[2020-07-08T20:26:35+0000] [ALPM] upgraded python-requests (2.23.0-1 -> 2.24.0-1)
[2020-07-08T20:26:35+0000] [ALPM] upgraded sqlite (3.32.2-1 -> 3.32.3-1)
[2020-07-08T20:27:07+0000] [ALPM] warning: directory permissions differ on /usr/share/polkit-1/rules.d/
filesystem: 755  package: 750
[2020-07-08T20:27:07+0000] [ALPM] upgraded systemd (245.6-6 -> 245.6-8)
[2020-07-08T20:27:51+0000] [ALPM] upgraded vim-runtime (8.2.0814-2 -> 8.2.0814-3)
[2020-07-08T20:27:54+0000] [ALPM] upgraded vim (8.2.0814-2 -> 8.2.0814-3)
[2020-07-08T20:27:55+0000] [ALPM] transaction completed
[2020-07-08T20:27:55+0000] [ALPM] running '20-systemd-sysusers.hook'...
[2020-07-08T20:27:56+0000] [ALPM] running '30-systemd-catalog.hook'...
[2020-07-08T20:27:57+0000] [ALPM] running '30-systemd-daemon-reload.hook'...
[2020-07-08T20:27:57+0000] [ALPM-SCRIPTLET]   Skipped: Current root is not booted.
[2020-07-08T20:27:57+0000] [ALPM] running '30-systemd-hwdb.hook'...
[2020-07-08T20:27:59+0000] [ALPM] running '30-systemd-sysctl.hook'...
[2020-07-08T20:27:59+0000] [ALPM-SCRIPTLET]   Skipped: Current root is not booted.
[2020-07-08T20:27:59+0000] [ALPM] running '30-systemd-tmpfiles.hook'...
[2020-07-08T20:27:59+0000] [ALPM-SCRIPTLET] [/usr/lib/tmpfiles.d/journal-nocow.conf:26] Failed to resolve specifier: uninitialized /etc detected, skipping
[2020-07-08T20:27:59+0000] [ALPM-SCRIPTLET] All rules containing unresolvable specifiers will be skipped.
[2020-07-08T20:28:00+0000] [ALPM] running '30-systemd-udev-reload.hook'...
[2020-07-08T20:28:00+0000] [ALPM-SCRIPTLET]   Skipped: Device manager is not running.
[2020-07-08T20:28:00+0000] [ALPM] running '30-systemd-update.hook'...
[2020-07-08T20:28:00+0000] [ALPM] running 'dbus-reload.hook'...
[2020-07-08T20:28:00+0000] [ALPM-SCRIPTLET]   Skipped: Current root is not booted.
[2020-07-08T20:28:00+0000] [ALPM] running 'detect-old-perl-modules.hook'...
[2020-07-08T20:28:00+0000] [ALPM] running 'update-ca-trust.hook'...
[2020-08-02T20:24:02+0000] [PACMAN] Running 'pacman -Syu'
[2020-08-02T20:24:02+0000] [PACMAN] synchronizing package lists
[2020-08-02T20:24:09+0000] [PACMAN] starting full system upgrade
[2020-08-02T20:25:02+0000] [ALPM] transaction started
[2020-08-02T20:25:02+0000] [ALPM] upgraded iana-etc (20200601-1 -> 20200720-1)
[2020-08-02T20:25:02+0000] [ALPM] upgraded libgcrypt (1.8.5-2 -> 1.8.6-1)
[2020-08-02T20:25:03+0000] [ALPM] upgraded libcap (2.36-1 -> 2.37-1)
[2020-08-02T20:25:03+0000] [ALPM] upgraded ca-certificates-mozilla (3.54-0.1 -> 3.54-1)
[2020-08-02T20:25:04+0000] [ALPM] upgraded keyutils (1.6.1-4 -> 1.6.3-1)
[2020-08-02T20:25:04+0000] [ALPM] upgraded libutil-linux (2.35.2-1 -> 2.36-1)
[2020-08-02T20:25:11+0000] [ALPM] upgraded curl (7.70.0-1 -> 7.71.1-1)
[2020-08-02T20:25:11+0000] [ALPM] upgraded dbus (1.12.18-1 -> 1.12.20-1)
[2020-08-02T20:25:19+0000] [ALPM] upgraded glib2 (2.64.3-2 -> 2.64.4-1)
[2020-08-02T20:25:38+0000] [ALPM] upgraded gnutls (3.6.14-1 -> 3.6.14-2)
[2020-08-02T20:25:41+0000] [ALPM] upgraded gnupg (2.2.20-4 -> 2.2.21-1)
[2020-08-02T20:25:41+0000] [ALPM] upgraded gpgme (1.13.1-7 -> 1.14.0-1)
[2020-08-02T20:25:42+0000] [ALPM] upgraded python-idna (2.9-1 -> 2.10-1)
[2020-08-02T20:25:44+0000] [ALPM] upgraded python-urllib3 (1.25.9-1 -> 1.25.10-1)
[2020-08-02T20:25:50+0000] [ALPM] upgraded python-setuptools (1:47.3.1-1 -> 1:49.2.0-1)
[2020-08-02T20:25:55+0000] [ALPM] upgraded pacman (5.2.1-5 -> 5.2.2-1)
[2020-08-02T20:25:56+0000] [ALPM] upgraded popt (1.16-12 -> 1.18-1)
[2020-08-02T20:26:03+0000] [ALPM] upgraded shadow (4.8.1-1 -> 4.8.1-3)
[2020-08-02T20:26:10+0000] [ALPM] upgraded util-linux (2.35.2-1 -> 2.36-1)
[2020-08-02T20:26:11+0000] [ALPM] transaction completed
[2020-08-02T20:26:11+0000] [ALPM] running '20-systemd-sysusers.hook'...
[2020-08-02T20:26:12+0000] [ALPM] running '30-systemd-daemon-reload.hook'...
[2020-08-02T20:26:12+0000] [ALPM-SCRIPTLET]   Skipped: Current root is not booted.
[2020-08-02T20:26:12+0000] [ALPM] running '30-systemd-tmpfiles.hook'...
[2020-08-02T20:26:12+0000] [ALPM-SCRIPTLET] [/usr/lib/tmpfiles.d/journal-nocow.conf:26] Failed to resolve specifier: uninitialized /etc detected, skipping
[2020-08-02T20:26:12+0000] [ALPM-SCRIPTLET] All rules containing unresolvable specifiers will be skipped.
[2020-08-02T20:26:13+0000] [ALPM] running '30-systemd-udev-reload.hook'...
[2020-08-02T20:26:13+0000] [ALPM-SCRIPTLET]   Skipped: Device manager is not running.
[2020-08-02T20:26:13+0000] [ALPM] running '30-systemd-update.hook'...
[2020-08-02T20:26:13+0000] [ALPM] running 'update-ca-trust.hook'...
[2020-08-17T23:28:44+0000] [PACMAN] Running 'pacman -Rs -'
[2020-08-17T23:29:22+0000] [PACMAN] Running 'pacman -Rs -'
[2020-08-17T23:29:25+0000] [ALPM] transaction started
[2020-08-17T23:29:32+0000] [ALPM] removed systemd (245.6-8)
[2020-08-17T23:29:34+0000] [ALPM] removed util-linux (2.36-1)
[2020-08-17T23:29:37+0000] [ALPM] removed shadow (4.8.1-3)
[2020-08-17T23:29:37+0000] [ALPM] removed pcre2 (10.35-1)
[2020-08-17T23:29:37+0000] [ALPM] removed libseccomp (2.4.2-1)
[2020-08-17T23:29:37+0000] [ALPM] removed libelf (0.180-1)
[2020-08-17T23:29:38+0000] [ALPM] removed kmod (27-1)
[2020-08-17T23:29:40+0000] [ALPM] removed kbd (2.2.0-5)
[2020-08-17T23:29:43+0000] [ALPM] removed pam (1.3.1-2)
[2020-08-17T23:29:43+0000] [ALPM] removed pambase (20190105.1-2)
[2020-08-17T23:29:43+0000] [ALPM] removed cracklib (2.9.7-2)
[2020-08-17T23:29:44+0000] [ALPM] removed iptables (1:1.8.5-2)
[2020-08-17T23:29:45+0000] [ALPM] removed libpcap (1.9.1-2)
[2020-08-17T23:29:45+0000] [ALPM] removed libusb (1.0.23-2)
[2020-08-17T23:29:46+0000] [ALPM] removed libnl (3.5.0-2)
[2020-08-17T23:29:46+0000] [ALPM] removed libnftnl (1.1.7-1)
[2020-08-17T23:29:46+0000] [ALPM] removed libnetfilter_conntrack (1.0.8-1)
[2020-08-17T23:29:46+0000] [ALPM] removed libmnl (1.0.4-3)
[2020-08-17T23:29:46+0000] [ALPM] removed libnfnetlink (1.0.1-4)
[2020-08-17T23:29:46+0000] [ALPM] removed hwids (20200306-1)
[2020-08-17T23:29:47+0000] [ALPM] removed dbus (1.12.20-1)
[2020-08-17T23:29:47+0000] [ALPM] removed cryptsetup (2.3.3-1)
[2020-08-17T23:29:47+0000] [ALPM] removed popt (1.18-1)
[2020-08-17T23:29:47+0000] [ALPM] removed json-c (0.14-4)
[2020-08-17T23:29:48+0000] [ALPM] removed device-mapper (2.02.187-3)
[2020-08-17T23:29:48+0000] [ALPM] removed argon2 (20190702-3)
[2020-08-17T23:29:48+0000] [ALPM] removed audit (2.8.5-6)
[2020-08-17T23:29:48+0000] [ALPM] removed libcap-ng (0.7.10-1)
[2020-08-17T23:29:50+0000] [ALPM] transaction completed
[2020-08-17T23:30:10+0000] [PACMAN] Running 'pacman -Scc'
[2020-09-05T18:10:38+0000] [PACMAN] Running 'pacman -Syu'
[2020-09-05T18:10:38+0000] [PACMAN] synchronizing package lists
[2020-09-05T18:10:53+0000] [ALPM] transaction started
[2020-09-05T18:10:54+0000] [ALPM] upgraded archlinux-keyring (20200622-1 -> 20200820-1)
[2020-09-05T18:10:55+0000] [ALPM-SCRIPTLET] ==> Appending keys from archlinux.gpg...
[2020-09-05T18:11:05+0000] [ALPM-SCRIPTLET] ==> Locally signing trusted keys in keyring...
[2020-09-05T18:11:05+0000] [ALPM-SCRIPTLET]   -> Locally signing key D8AFDDA07A5B6EDFA7D8CCDAD6D055F927843F1C...
[2020-09-05T18:11:05+0000] [ALPM-SCRIPTLET]   -> Locally signing key DDB867B92AA789C165EEFA799B729B06A680C281...
[2020-09-05T18:11:05+0000] [ALPM-SCRIPTLET]   -> Locally signing key 91FFE0700E80619CEB73235CA88E23E377514E00...
[2020-09-05T18:11:05+0000] [ALPM-SCRIPTLET]   -> Locally signing key 0E8B644079F599DFC1DDC3973348882F6AC6A4C2...
[2020-09-05T18:11:05+0000] [ALPM-SCRIPTLET]   -> Locally signing key AB19265E5D7D20687D303246BA1DFB64FFF979E7...
[2020-09-05T18:11:06+0000] [ALPM-SCRIPTLET] ==> Importing owner trust values...
[2020-09-05T18:11:06+0000] [ALPM-SCRIPTLET] ==> Disabling revoked keys in keyring...
[2020-09-05T18:11:06+0000] [ALPM-SCRIPTLET]   -> Disabling key 8F76BEEA0289F9E1D3E229C05F946DED983D4366...
[2020-09-05T18:11:06+0000] [ALPM-SCRIPTLET]   -> Disabling key 63F395DE2D6398BBE458F281F2DBB4931985A992...
[2020-09-05T18:11:06+0000] [ALPM-SCRIPTLET]   -> Disabling key 50F33E2E5B0C3D900424ABE89BDCF497A4BBCC7F...
[2020-09-05T18:11:06+0000] [ALPM-SCRIPTLET]   -> Disabling key 27FFC4769E19F096D41D9265A04F9397CDFD6BB0...
[2020-09-05T18:11:06+0000] [ALPM-SCRIPTLET]   -> Disabling key 39F880E50E49A4D11341E8F939E4F17F295AFBF4...
[2020-09-05T18:11:06+0000] [ALPM-SCRIPTLET]   -> Disabling key 8840BD07FC24CB7CE394A07CCF7037A4F27FB7DA...
[2020-09-05T18:11:06+0000] [ALPM-SCRIPTLET]   -> Disabling key 5559BC1A32B8F76B3FCCD9555FA5E5544F010D48...
[2020-09-05T18:11:07+0000] [ALPM-SCRIPTLET]   -> Disabling key 0B20CA1931F5DA3A70D0F8D2EA6836E1AB441196...
[2020-09-05T18:11:07+0000] [ALPM-SCRIPTLET]   -> Disabling key 07DFD3A0BC213FA12EDC217559B3122E2FA915EC...
[2020-09-05T18:11:07+0000] [ALPM-SCRIPTLET]   -> Disabling key 4FCF887689C41B09506BE8D5F3E1D5C5D30DB0AD...
[2020-09-05T18:11:07+0000] [ALPM-SCRIPTLET]   -> Disabling key 5A2257D19FF7E1E0E415968CE62F853100F0D0F0...
[2020-09-05T18:11:07+0000] [ALPM-SCRIPTLET]   -> Disabling key D921CABED130A5690EF1896E81AF739EC0711BF1...
[2020-09-05T18:11:07+0000] [ALPM-SCRIPTLET]   -> Disabling key 7FA647CD89891DEDC060287BB9113D1ED21E1A55...
[2020-09-05T18:11:07+0000] [ALPM-SCRIPTLET]   -> Disabling key BC1FBE4D2826A0B51E47ED62E2539214C6C11350...
[2020-09-05T18:11:07+0000] [ALPM-SCRIPTLET]   -> Disabling key 4A8B17E20B88ACA61860009B5CED81B7C2E5C0D2...
[2020-09-05T18:11:07+0000] [ALPM-SCRIPTLET]   -> Disabling key 5696C003B0854206450C8E5BE613C09CB4440678...
[2020-09-05T18:11:08+0000] [ALPM-SCRIPTLET]   -> Disabling key 684148BB25B49E986A4944C55184252D824B18E8...
[2020-09-05T18:11:08+0000] [ALPM-SCRIPTLET]   -> Disabling key 8CF934E339CAD8ABF342E822E711306E3C4F88BC...
[2020-09-05T18:11:08+0000] [ALPM-SCRIPTLET]   -> Disabling key F5A361A3A13554B85E57DDDAAF7EF7873CFD4BB6...
[2020-09-05T18:11:08+0000] [ALPM-SCRIPTLET]   -> Disabling key 5E7585ADFF106BFFBBA319DC654B877A0864983E...
[2020-09-05T18:11:08+0000] [ALPM-SCRIPTLET]   -> Disabling key 65EEFE022108E2B708CBFCF7F9E712E59AF5F22A...
[2020-09-05T18:11:08+0000] [ALPM-SCRIPTLET]   -> Disabling key 40440DC037C05620984379A6761FAD69BA06C6A9...
[2020-09-05T18:11:08+0000] [ALPM-SCRIPTLET]   -> Disabling key 34C5D94FE7E7913E86DC427E7FB1A3800C84C0A5...
[2020-09-05T18:11:09+0000] [ALPM-SCRIPTLET]   -> Disabling key 81D7F8241DB38BC759C80FCE3A726C6170E80477...
[2020-09-05T18:11:09+0000] [ALPM-SCRIPTLET]   -> Disabling key E7210A59715F6940CF9A4E36A001876699AD6E84...
[2020-09-05T18:11:09+0000] [ALPM-SCRIPTLET]   -> Disabling key 5357F3B111688D88C1D88119FCF2CB179205AC90...
[2020-09-05T18:11:09+0000] [ALPM-SCRIPTLET]   -> Disabling key 4D913AECD81726D9A6C74F0ADA6426DD215B37AD...
[2020-09-05T18:11:09+0000] [ALPM-SCRIPTLET]   -> Disabling key FB871F0131FEA4FB5A9192B4C8880A6406361833...
[2020-09-05T18:11:09+0000] [ALPM-SCRIPTLET]   -> Disabling key 66BD74A036D522F51DD70A3C7F2A16726521E06D...
[2020-09-05T18:11:09+0000] [ALPM-SCRIPTLET]   -> Disabling key B1F2C889CB2CCB2ADA36D963097D629E437520BD...
[2020-09-05T18:11:09+0000] [ALPM-SCRIPTLET]   -> Disabling key 9515D8A8EAB88E49BB65EDBCE6B456CAF15447D5...
[2020-09-05T18:11:09+0000] [ALPM-SCRIPTLET]   -> Disabling key 76B4192E902C0A52642C63C273B8ED52F1D357C1...
[2020-09-05T18:11:10+0000] [ALPM-SCRIPTLET]   -> Disabling key 40776A5221EF5AD468A4906D42A1DB15EC133BAD...
[2020-09-05T18:11:10+0000] [ALPM-SCRIPTLET]   -> Disabling key D4DE5ABDE2A7287644EAC7E36D1A9E70E19DAA50...
[2020-09-05T18:11:10+0000] [ALPM-SCRIPTLET]   -> Disabling key 44D4A033AC140143927397D47EFD567D4C7EA887...
[2020-09-05T18:11:10+0000] [ALPM-SCRIPTLET] ==> Updating trust database...
[2020-09-05T18:11:10+0000] [ALPM-SCRIPTLET] gpg: next trustdb check due at 2021-01-01
[2020-09-05T18:11:11+0000] [ALPM] transaction completed
[2020-09-05T18:11:12+0000] [PACMAN] starting full system upgrade
[2020-09-05T18:12:35+0000] [ALPM] transaction started
[2020-09-05T18:12:50+0000] [ALPM] upgraded linux-api-headers (5.6.11-1 -> 5.7-1)
[2020-09-05T18:12:51+0000] [ALPM] upgraded iana-etc (20200720-1 -> 20200812-1)
[2020-09-05T18:12:51+0000] [ALPM] warning: directory permissions differ on /root/
filesystem: 755  package: 750
[2020-09-05T18:12:51+0000] [ALPM] warning: directory permissions differ on /srv/ftp/
filesystem: 755  package: 555
[2020-09-05T18:12:51+0000] [ALPM] warning: directory permissions differ on /sys/
filesystem: 755  package: 555
[2020-09-05T18:12:52+0000] [ALPM] warning: directory permissions differ on /var/games/
filesystem: 755  package: 775
[2020-09-05T18:12:52+0000] [ALPM] warning: directory permissions differ on /var/spool/mail/
filesystem: 755  package: 1777
[2020-09-05T18:12:52+0000] [ALPM] upgraded filesystem (2020.05-1 -> 2020.08-1)
[2020-09-05T18:13:19+0000] [ALPM] upgraded glibc (2.31-2 -> 2.32-2)
[2020-09-05T18:13:19+0000] [ALPM-SCRIPTLET] Generating locales...
[2020-09-05T18:13:20+0000] [ALPM-SCRIPTLET] Generation complete.
[2020-09-05T18:13:27+0000] [ALPM] upgraded gcc-libs (9.3.0-1 -> 10.2.0-1)
[2020-09-05T18:13:31+0000] [ALPM] upgraded bash (5.0.017-1 -> 5.0.018-1)
[2020-09-05T18:13:33+0000] [ALPM] upgraded libp11-kit (0.23.20-5 -> 0.23.21-1)
[2020-09-05T18:13:34+0000] [ALPM] upgraded libcap (2.37-1 -> 2.42-1)
[2020-09-05T18:13:35+0000] [ALPM] upgraded systemd-libs (245.6-8 -> 246.2-2)
[2020-09-05T18:13:37+0000] [ALPM] upgraded p11-kit (0.23.20-5 -> 0.23.21-1)
[2020-09-05T18:13:37+0000] [ALPM] upgraded ca-certificates-utils (20181109-3 -> 20181109-4)
[2020-09-05T18:13:37+0000] [ALPM] upgraded ca-certificates-mozilla (3.54-1 -> 3.56-1)
[2020-09-05T18:13:37+0000] [ALPM] upgraded ca-certificates (20181109-3 -> 20181109-4)
[2020-09-05T18:13:37+0000] [ALPM] upgraded libutil-linux (2.36-1 -> 2.36-2)
[2020-09-05T18:13:47+0000] [ALPM] upgraded curl (7.71.1-1 -> 7.72.0-2)
[2020-09-05T18:13:58+0000] [ALPM] upgraded glib2 (2.64.4-1 -> 2.64.5-1)
[2020-09-05T18:13:58+0000] [ALPM] upgraded libnsl (1.2.0-2 -> 1.3.0-1)
[2020-09-05T18:14:41+0000] [ALPM] upgraded python (3.8.3-1 -> 3.8.5-1)
[2020-09-05T18:14:41+0000] [ALPM] upgraded python-ordered-set (3.1.1-2 -> 4.0.2-1)
[2020-09-05T18:14:48+0000] [ALPM] upgraded python-setuptools (1:49.2.0-1 -> 1:49.6.0-1)
[2020-09-05T18:14:49+0000] [ALPM] upgraded sqlite (3.32.3-1 -> 3.33.0-1)
[2020-09-05T18:15:20+0000] [ALPM] upgraded vim-runtime (8.2.0814-3 -> 8.2.1522-1)
[2020-09-05T18:15:23+0000] [ALPM] upgraded vim (8.2.0814-3 -> 8.2.1522-1)
[2020-09-05T18:15:24+0000] [ALPM] transaction completed
[2020-09-05T18:15:24+0000] [ALPM] running '40-update-ca-trust.hook'...
[2020-10-16T10:10:34+0000] [PACMAN] Running 'pacman -Syu vim curl zsh git'
[2020-10-16T10:10:34+0000] [PACMAN] synchronizing package lists
[2020-10-16T10:10:48+0000] [PACMAN] starting full system upgrade
[2020-10-16T10:16:08+0000] [ALPM] transaction started
[2020-10-16T10:16:09+0000] [ALPM] removed libutil-linux (2.36-2)
[2020-10-16T10:16:43+0000] [ALPM] upgraded vim-runtime (8.2.1522-1 -> 8.2.1704-1)
[2020-10-16T10:16:44+0000] [ALPM] upgraded iana-etc (20200812-1 -> 20200905-1)
[2020-10-16T10:16:45+0000] [ALPM] warning: directory permissions differ on /root/
filesystem: 755  package: 750
[2020-10-16T10:16:45+0000] [ALPM] warning: directory permissions differ on /srv/ftp/
filesystem: 755  package: 555
[2020-10-16T10:16:45+0000] [ALPM] warning: directory permissions differ on /sys/
filesystem: 755  package: 555
[2020-10-16T10:16:45+0000] [ALPM] warning: directory permissions differ on /var/games/
filesystem: 755  package: 775
[2020-10-16T10:16:45+0000] [ALPM] warning: directory permissions differ on /var/spool/mail/
filesystem: 755  package: 1777
[2020-10-16T10:16:45+0000] [ALPM] upgraded filesystem (2020.08-1 -> 2020.09-2)
[2020-10-16T10:17:01+0000] [ALPM] upgraded linux-api-headers (5.7-1 -> 5.8-1)
[2020-10-16T10:17:59+0000] [ALPM] upgraded tzdata (2020a-1 -> 2020b-2)
[2020-10-16T10:18:00+0000] [ALPM] upgraded libcap (2.42-1 -> 2.43-1)
[2020-10-16T10:18:01+0000] [ALPM] upgraded libgpg-error (1.38-1 -> 1.39-1)
[2020-10-16T10:18:01+0000] [ALPM] upgraded systemd-libs (246.2-2 -> 246.6-1.1)
[2020-10-16T10:18:01+0000] [ALPM] upgraded gpm (1.20.7.r27.g1fd1941-2 -> 1.20.7.r38.ge82d1a6-3)
[2020-10-16T10:18:05+0000] [ALPM] upgraded vim (8.2.1522-1 -> 8.2.1704-1)
[2020-10-16T10:18:05+0000] [ALPM] installed libxcrypt (4.4.17-1)
[2020-10-16T10:19:01+0000] [ALPM] upgraded perl (5.32.0-1 -> 5.32.0-3)
[2020-10-16T10:20:25+0000] [ALPM] upgraded openssl (1.1.1.g-2 -> 1.1.1.h-1)
[2020-10-16T10:20:25+0000] [ALPM] upgraded libpsl (0.21.0-2 -> 0.21.1-1)
[2020-10-16T10:20:26+0000] [ALPM] upgraded ca-certificates-mozilla (3.56-1 -> 3.57-1)
[2020-10-16T10:20:26+0000] [ALPM] installed util-linux-libs (2.36-4)
[2020-10-16T10:20:29+0000] [ALPM] upgraded e2fsprogs (1.45.6-2 -> 1.45.6-3)
[2020-10-16T10:20:33+0000] [ALPM] upgraded libldap (2.4.50-2 -> 2.4.53-1)
[2020-10-16T10:20:42+0000] [ALPM] reinstalled curl (7.72.0-2)
[2020-10-16T10:21:04+0000] [ALPM] installed zsh (5.8-1)
[2020-10-16T10:21:04+0000] [ALPM-SCRIPTLET] /tmp/alpm_c7udh6/.INSTALL: line 2: grep: command not found
[2020-10-16T10:21:04+0000] [ALPM-SCRIPTLET] /tmp/alpm_c7udh6/.INSTALL: line 3: grep: command not found
[2020-10-16T10:21:04+0000] [ALPM] installed perl-error (0.17029-2)
[2020-10-16T10:21:05+0000] [ALPM] installed perl-timedate (2.33-2)
[2020-10-16T10:21:06+0000] [ALPM] installed perl-mailtools (2.21-4)
[2020-10-16T10:21:10+0000] [ALPM] installed pcre2 (10.35-1)
[2020-10-16T10:21:11+0000] [ALPM] installed grep (3.4-1)
[2020-10-16T10:21:11+0000] [ALPM] installed pambase (20200721.1-2)
[2020-10-16T10:21:12+0000] [ALPM] installed libcap-ng (0.7.11-2)
[2020-10-16T10:21:14+0000] [ALPM] installed audit (2.8.5-6)
[2020-10-16T10:21:20+0000] [ALPM] installed pam (1.4.0-3)
[2020-10-16T10:21:25+0000] [ALPM] installed shadow (4.8.1-4)
[2020-10-16T10:21:37+0000] [ALPM] installed git (2.28.0-1)
[2020-10-16T10:21:49+0000] [ALPM] upgraded glib2 (2.64.5-1 -> 2.66.1-2)
[2020-10-16T10:21:49+0000] [ALPM] upgraded libksba (1.4.0-1 -> 1.4.0-2)
[2020-10-16T10:22:14+0000] [ALPM] upgraded gnutls (3.6.14-2 -> 3.6.15-1)
[2020-10-16T10:22:14+0000] [ALPM] upgraded sqlite (3.33.0-1 -> 3.33.0-2)
[2020-10-16T10:22:18+0000] [ALPM] upgraded gnupg (2.2.21-1 -> 2.2.23-1)
[2020-10-16T10:22:18+0000] [ALPM] installed mpfr (4.1.0-1)
[2020-10-16T10:22:19+0000] [ALPM] installed gawk (5.1.0-1)
[2020-10-16T10:23:27+0000] [ALPM] upgraded python (3.8.5-1 -> 3.8.6-1)
[2020-10-16T10:23:36+0000] [ALPM] upgraded python-setuptools (1:49.6.0-1 -> 1:50.3.0-1)
[2020-10-16T10:23:43+0000] [ALPM] upgraded pacman (5.2.2-1 -> 5.2.2-2)
[2020-10-16T10:23:44+0000] [ALPM] transaction completed
[2020-10-16T10:23:44+0000] [ALPM] running '40-update-ca-trust.hook'...
[2020-10-16T10:24:08+0000] [ALPM] running 'detect-old-perl-modules.hook'...
[2020-10-16T10:51:11+0000] [PACMAN] Running 'pacman -Rsu zsh'
[2020-10-16T10:51:13+0000] [ALPM] transaction started
[2020-10-16T10:51:13+0000] [ALPM-SCRIPTLET] /tmp/alpm_9UyRaC/.INSTALL: line 11: sed: command not found
[2020-10-16T10:51:18+0000] [ALPM] removed zsh (5.8-1)
[2020-10-16T10:51:19+0000] [ALPM] transaction completed
